\BOOKMARK [0][-]{chapter.1}{Introduction}{}% 1
\BOOKMARK [0][-]{chapter.2}{Download}{}% 2
\BOOKMARK [1][-]{section.2.1}{Code}{chapter.2}% 3
\BOOKMARK [1][-]{section.2.2}{Dependencies}{chapter.2}% 4
\BOOKMARK [1][-]{section.2.3}{Installation}{chapter.2}% 5
\BOOKMARK [1][-]{section.2.4}{Source Code}{chapter.2}% 6
\BOOKMARK [0][-]{chapter.3}{Models}{}% 7
\BOOKMARK [1][-]{section.3.1}{Energy Balance Model}{chapter.3}% 8
\BOOKMARK [1][-]{section.3.2}{Radiative Convective Model}{chapter.3}% 9
\BOOKMARK [1][-]{section.3.3}{Stommelbox Model}{chapter.3}% 10
\BOOKMARK [0][-]{chapter.4}{Tutorial}{}% 11
\BOOKMARK [1][-]{section.4.1}{Section}{chapter.4}% 12
\BOOKMARK [0][-]{chapter.5}{Documentation for the code}{}% 13
\BOOKMARK [1][-]{section.5.1}{Subpackages}{chapter.5}% 14
\BOOKMARK [1][-]{section.5.2}{Inheritance Diagram}{chapter.5}% 15
\BOOKMARK [0][-]{chapter.6}{References}{}% 16
\BOOKMARK [0][-]{chapter.7}{License}{}% 17
\BOOKMARK [0][-]{chapter.8}{Contact}{}% 18
\BOOKMARK [0][-]{chapter.9}{Indices and tables}{}% 19
\BOOKMARK [0][-]{chapter*.240}{Bibliography}{}% 20
\BOOKMARK [0][-]{section*.243}{Python Module Index}{}% 21
\BOOKMARK [0][-]{section*.244}{Index}{}% 22
