This is pdfTeX, Version 3.1415926-2.5-1.40.14 (TeX Live 2013/Debian) (format=pdflatex 2015.12.2)  5 APR 2016 17:02
entering extended mode
 restricted \write18 enabled.
 %&-line parsing enabled.
**climlab-0301Documentation.tex
(./climlab-0301Documentation.tex
LaTeX2e <2011/06/27>
Babel <3.9h> and hyphenation patterns for 78 languages loaded.
(./sphinxmanual.cls
Document Class: sphinxmanual 2009/06/02 Document class (Sphinx manual)
(/usr/share/texlive/texmf-dist/tex/latex/base/report.cls
Document Class: report 2007/10/19 v1.4h Standard LaTeX document class
(/usr/share/texlive/texmf-dist/tex/latex/base/size10.clo
File: size10.clo 2007/10/19 v1.4h Standard LaTeX file (size option)
)
\c@part=\count79
\c@chapter=\count80
\c@section=\count81
\c@subsection=\count82
\c@subsubsection=\count83
\c@paragraph=\count84
\c@subparagraph=\count85
\c@figure=\count86
\c@table=\count87
\abovecaptionskip=\skip41
\belowcaptionskip=\skip42
\bibindent=\dimen102
))
(/usr/share/texlive/texmf-dist/tex/latex/base/inputenc.sty
Package: inputenc 2008/03/30 v1.1d Input encoding file
\inpenc@prehook=\toks14
\inpenc@posthook=\toks15

(/usr/share/texlive/texmf-dist/tex/latex/base/utf8.def
File: utf8.def 2008/04/05 v1.1m UTF-8 support for inputenc
Now handling font encoding OML ...
... no UTF-8 mapping file for font encoding OML
Now handling font encoding T1 ...
... processing UTF-8 mapping file for font encoding T1

(/usr/share/texlive/texmf-dist/tex/latex/base/t1enc.dfu
File: t1enc.dfu 2008/04/05 v1.1m UTF-8 support for inputenc
   defining Unicode char U+00A1 (decimal 161)
   defining Unicode char U+00A3 (decimal 163)
   defining Unicode char U+00AB (decimal 171)
   defining Unicode char U+00BB (decimal 187)
   defining Unicode char U+00BF (decimal 191)
   defining Unicode char U+00C0 (decimal 192)
   defining Unicode char U+00C1 (decimal 193)
   defining Unicode char U+00C2 (decimal 194)
   defining Unicode char U+00C3 (decimal 195)
   defining Unicode char U+00C4 (decimal 196)
   defining Unicode char U+00C5 (decimal 197)
   defining Unicode char U+00C6 (decimal 198)
   defining Unicode char U+00C7 (decimal 199)
   defining Unicode char U+00C8 (decimal 200)
   defining Unicode char U+00C9 (decimal 201)
   defining Unicode char U+00CA (decimal 202)
   defining Unicode char U+00CB (decimal 203)
   defining Unicode char U+00CC (decimal 204)
   defining Unicode char U+00CD (decimal 205)
   defining Unicode char U+00CE (decimal 206)
   defining Unicode char U+00CF (decimal 207)
   defining Unicode char U+00D0 (decimal 208)
   defining Unicode char U+00D1 (decimal 209)
   defining Unicode char U+00D2 (decimal 210)
   defining Unicode char U+00D3 (decimal 211)
   defining Unicode char U+00D4 (decimal 212)
   defining Unicode char U+00D5 (decimal 213)
   defining Unicode char U+00D6 (decimal 214)
   defining Unicode char U+00D8 (decimal 216)
   defining Unicode char U+00D9 (decimal 217)
   defining Unicode char U+00DA (decimal 218)
   defining Unicode char U+00DB (decimal 219)
   defining Unicode char U+00DC (decimal 220)
   defining Unicode char U+00DD (decimal 221)
   defining Unicode char U+00DE (decimal 222)
   defining Unicode char U+00DF (decimal 223)
   defining Unicode char U+00E0 (decimal 224)
   defining Unicode char U+00E1 (decimal 225)
   defining Unicode char U+00E2 (decimal 226)
   defining Unicode char U+00E3 (decimal 227)
   defining Unicode char U+00E4 (decimal 228)
   defining Unicode char U+00E5 (decimal 229)
   defining Unicode char U+00E6 (decimal 230)
   defining Unicode char U+00E7 (decimal 231)
   defining Unicode char U+00E8 (decimal 232)
   defining Unicode char U+00E9 (decimal 233)
   defining Unicode char U+00EA (decimal 234)
   defining Unicode char U+00EB (decimal 235)
   defining Unicode char U+00EC (decimal 236)
   defining Unicode char U+00ED (decimal 237)
   defining Unicode char U+00EE (decimal 238)
   defining Unicode char U+00EF (decimal 239)
   defining Unicode char U+00F0 (decimal 240)
   defining Unicode char U+00F1 (decimal 241)
   defining Unicode char U+00F2 (decimal 242)
   defining Unicode char U+00F3 (decimal 243)
   defining Unicode char U+00F4 (decimal 244)
   defining Unicode char U+00F5 (decimal 245)
   defining Unicode char U+00F6 (decimal 246)
   defining Unicode char U+00F8 (decimal 248)
   defining Unicode char U+00F9 (decimal 249)
   defining Unicode char U+00FA (decimal 250)
   defining Unicode char U+00FB (decimal 251)
   defining Unicode char U+00FC (decimal 252)
   defining Unicode char U+00FD (decimal 253)
   defining Unicode char U+00FE (decimal 254)
   defining Unicode char U+00FF (decimal 255)
   defining Unicode char U+0102 (decimal 258)
   defining Unicode char U+0103 (decimal 259)
   defining Unicode char U+0104 (decimal 260)
   defining Unicode char U+0105 (decimal 261)
   defining Unicode char U+0106 (decimal 262)
   defining Unicode char U+0107 (decimal 263)
   defining Unicode char U+010C (decimal 268)
   defining Unicode char U+010D (decimal 269)
   defining Unicode char U+010E (decimal 270)
   defining Unicode char U+010F (decimal 271)
   defining Unicode char U+0110 (decimal 272)
   defining Unicode char U+0111 (decimal 273)
   defining Unicode char U+0118 (decimal 280)
   defining Unicode char U+0119 (decimal 281)
   defining Unicode char U+011A (decimal 282)
   defining Unicode char U+011B (decimal 283)
   defining Unicode char U+011E (decimal 286)
   defining Unicode char U+011F (decimal 287)
   defining Unicode char U+0130 (decimal 304)
   defining Unicode char U+0131 (decimal 305)
   defining Unicode char U+0132 (decimal 306)
   defining Unicode char U+0133 (decimal 307)
   defining Unicode char U+0139 (decimal 313)
   defining Unicode char U+013A (decimal 314)
   defining Unicode char U+013D (decimal 317)
   defining Unicode char U+013E (decimal 318)
   defining Unicode char U+0141 (decimal 321)
   defining Unicode char U+0142 (decimal 322)
   defining Unicode char U+0143 (decimal 323)
   defining Unicode char U+0144 (decimal 324)
   defining Unicode char U+0147 (decimal 327)
   defining Unicode char U+0148 (decimal 328)
   defining Unicode char U+014A (decimal 330)
   defining Unicode char U+014B (decimal 331)
   defining Unicode char U+0150 (decimal 336)
   defining Unicode char U+0151 (decimal 337)
   defining Unicode char U+0152 (decimal 338)
   defining Unicode char U+0153 (decimal 339)
   defining Unicode char U+0154 (decimal 340)
   defining Unicode char U+0155 (decimal 341)
   defining Unicode char U+0158 (decimal 344)
   defining Unicode char U+0159 (decimal 345)
   defining Unicode char U+015A (decimal 346)
   defining Unicode char U+015B (decimal 347)
   defining Unicode char U+015E (decimal 350)
   defining Unicode char U+015F (decimal 351)
   defining Unicode char U+0160 (decimal 352)
   defining Unicode char U+0161 (decimal 353)
   defining Unicode char U+0162 (decimal 354)
   defining Unicode char U+0163 (decimal 355)
   defining Unicode char U+0164 (decimal 356)
   defining Unicode char U+0165 (decimal 357)
   defining Unicode char U+016E (decimal 366)
   defining Unicode char U+016F (decimal 367)
   defining Unicode char U+0170 (decimal 368)
   defining Unicode char U+0171 (decimal 369)
   defining Unicode char U+0178 (decimal 376)
   defining Unicode char U+0179 (decimal 377)
   defining Unicode char U+017A (decimal 378)
   defining Unicode char U+017B (decimal 379)
   defining Unicode char U+017C (decimal 380)
   defining Unicode char U+017D (decimal 381)
   defining Unicode char U+017E (decimal 382)
   defining Unicode char U+200C (decimal 8204)
   defining Unicode char U+2013 (decimal 8211)
   defining Unicode char U+2014 (decimal 8212)
   defining Unicode char U+2018 (decimal 8216)
   defining Unicode char U+2019 (decimal 8217)
   defining Unicode char U+201A (decimal 8218)
   defining Unicode char U+201C (decimal 8220)
   defining Unicode char U+201D (decimal 8221)
   defining Unicode char U+201E (decimal 8222)
   defining Unicode char U+2030 (decimal 8240)
   defining Unicode char U+2031 (decimal 8241)
   defining Unicode char U+2039 (decimal 8249)
   defining Unicode char U+203A (decimal 8250)
   defining Unicode char U+2423 (decimal 9251)
)
Now handling font encoding OT1 ...
... processing UTF-8 mapping file for font encoding OT1

(/usr/share/texlive/texmf-dist/tex/latex/base/ot1enc.dfu
File: ot1enc.dfu 2008/04/05 v1.1m UTF-8 support for inputenc
   defining Unicode char U+00A1 (decimal 161)
   defining Unicode char U+00A3 (decimal 163)
   defining Unicode char U+00B8 (decimal 184)
   defining Unicode char U+00BF (decimal 191)
   defining Unicode char U+00C5 (decimal 197)
   defining Unicode char U+00C6 (decimal 198)
   defining Unicode char U+00D8 (decimal 216)
   defining Unicode char U+00DF (decimal 223)
   defining Unicode char U+00E6 (decimal 230)
   defining Unicode char U+00EC (decimal 236)
   defining Unicode char U+00ED (decimal 237)
   defining Unicode char U+00EE (decimal 238)
   defining Unicode char U+00EF (decimal 239)
   defining Unicode char U+00F8 (decimal 248)
   defining Unicode char U+0131 (decimal 305)
   defining Unicode char U+0141 (decimal 321)
   defining Unicode char U+0142 (decimal 322)
   defining Unicode char U+0152 (decimal 338)
   defining Unicode char U+0153 (decimal 339)
   defining Unicode char U+2013 (decimal 8211)
   defining Unicode char U+2014 (decimal 8212)
   defining Unicode char U+2018 (decimal 8216)
   defining Unicode char U+2019 (decimal 8217)
   defining Unicode char U+201C (decimal 8220)
   defining Unicode char U+201D (decimal 8221)
)
Now handling font encoding OMS ...
... processing UTF-8 mapping file for font encoding OMS

(/usr/share/texlive/texmf-dist/tex/latex/base/omsenc.dfu
File: omsenc.dfu 2008/04/05 v1.1m UTF-8 support for inputenc
   defining Unicode char U+00A7 (decimal 167)
   defining Unicode char U+00B6 (decimal 182)
   defining Unicode char U+00B7 (decimal 183)
   defining Unicode char U+2020 (decimal 8224)
   defining Unicode char U+2021 (decimal 8225)
   defining Unicode char U+2022 (decimal 8226)
)
Now handling font encoding OMX ...
... no UTF-8 mapping file for font encoding OMX
Now handling font encoding U ...
... no UTF-8 mapping file for font encoding U
   defining Unicode char U+00A9 (decimal 169)
   defining Unicode char U+00AA (decimal 170)
   defining Unicode char U+00AE (decimal 174)
   defining Unicode char U+00BA (decimal 186)
   defining Unicode char U+02C6 (decimal 710)
   defining Unicode char U+02DC (decimal 732)
   defining Unicode char U+200C (decimal 8204)
   defining Unicode char U+2026 (decimal 8230)
   defining Unicode char U+2122 (decimal 8482)
   defining Unicode char U+2423 (decimal 9251)
))
   defining Unicode char U+00A0 (decimal 160)

(/usr/share/texlive/texmf-dist/tex/latex/cmap/cmap.sty
Package: cmap 2008/03/06 v1.0h CMap support: searchable PDF
)
(/usr/share/texlive/texmf-dist/tex/latex/base/fontenc.sty
Package: fontenc 2005/09/27 v1.99g Standard LaTeX package

(/usr/share/texlive/texmf-dist/tex/latex/base/t1enc.def
File: t1enc.def 2005/09/27 v1.99g Standard LaTeX file
LaTeX Font Info:    Redeclaring font encoding T1 on input line 43.
)<<t1.cmap>>)
(/usr/share/texlive/texmf-dist/tex/generic/babel/babel.sty
Package: babel 2013/12/03 3.9h The Babel package

(/usr/share/texlive/texmf-dist/tex/generic/babel-english/english.ldf
Language: english 2012/08/20 v3.3p English support from the babel system

(/usr/share/texlive/texmf-dist/tex/generic/babel/babel.def
File: babel.def 2013/12/03 3.9h Babel common definitions
\babel@savecnt=\count88
\U@D=\dimen103
)
\l@canadian = a dialect from \language\l@american 
\l@australian = a dialect from \language\l@british 
\l@newzealand = a dialect from \language\l@british 
))
(/usr/share/texlive/texmf-dist/tex/latex/psnfss/times.sty
Package: times 2005/04/12 PSNFSS-v9.2a (SPQR) 
) (./fncychap.sty
Package: fncychap 2007/07/30 v1.34 LaTeX package (Revised chapters)
\RW=\skip43
\mylen=\skip44
\myhi=\skip45
\px=\skip46
\py=\skip47
\pyy=\skip48
\pxx=\skip49
\c@AlphaCnt=\count89
\c@AlphaDecCnt=\count90
)
(/usr/share/texlive/texmf-dist/tex/latex/tools/longtable.sty
Package: longtable 2004/02/01 v4.11 Multi-page Table package (DPC)
\LTleft=\skip50
\LTright=\skip51
\LTpre=\skip52
\LTpost=\skip53
\LTchunksize=\count91
\LTcapwidth=\dimen104
\LT@head=\box26
\LT@firsthead=\box27
\LT@foot=\box28
\LT@lastfoot=\box29
\LT@cols=\count92
\LT@rows=\count93
\c@LT@tables=\count94
\c@LT@chunks=\count95
\LT@p@ftn=\toks16
) (./sphinx.sty
Package: sphinx 2010/01/15 LaTeX package (Sphinx markup)

(/usr/share/texlive/texmf-dist/tex/latex/fancyhdr/fancyhdr.sty
\fancy@headwidth=\skip54
\f@ncyO@elh=\skip55
\f@ncyO@erh=\skip56
\f@ncyO@olh=\skip57
\f@ncyO@orh=\skip58
\f@ncyO@elf=\skip59
\f@ncyO@erf=\skip60
\f@ncyO@olf=\skip61
\f@ncyO@orf=\skip62
)
(/usr/share/texlive/texmf-dist/tex/latex/base/textcomp.sty
Package: textcomp 2005/09/27 v1.99g Standard LaTeX package
Package textcomp Info: Sub-encoding information:
(textcomp)               5 = only ISO-Adobe without \textcurrency
(textcomp)               4 = 5 + \texteuro
(textcomp)               3 = 4 + \textohm
(textcomp)               2 = 3 + \textestimated + \textcurrency
(textcomp)               1 = TS1 - \textcircled - \t
(textcomp)               0 = TS1 (full)
(textcomp)             Font families with sub-encoding setting implement
(textcomp)             only a restricted character set as indicated.
(textcomp)             Family '?' is the default used for unknown fonts.
(textcomp)             See the documentation for details.
Package textcomp Info: Setting ? sub-encoding to TS1/1 on input line 71.

(/usr/share/texlive/texmf-dist/tex/latex/base/ts1enc.def
File: ts1enc.def 2001/06/05 v3.0e (jk/car/fm) Standard LaTeX file
Now handling font encoding TS1 ...
... processing UTF-8 mapping file for font encoding TS1

(/usr/share/texlive/texmf-dist/tex/latex/base/ts1enc.dfu
File: ts1enc.dfu 2008/04/05 v1.1m UTF-8 support for inputenc
   defining Unicode char U+00A2 (decimal 162)
   defining Unicode char U+00A3 (decimal 163)
   defining Unicode char U+00A4 (decimal 164)
   defining Unicode char U+00A5 (decimal 165)
   defining Unicode char U+00A6 (decimal 166)
   defining Unicode char U+00A7 (decimal 167)
   defining Unicode char U+00A8 (decimal 168)
   defining Unicode char U+00A9 (decimal 169)
   defining Unicode char U+00AA (decimal 170)
   defining Unicode char U+00AC (decimal 172)
   defining Unicode char U+00AE (decimal 174)
   defining Unicode char U+00AF (decimal 175)
   defining Unicode char U+00B0 (decimal 176)
   defining Unicode char U+00B1 (decimal 177)
   defining Unicode char U+00B2 (decimal 178)
   defining Unicode char U+00B3 (decimal 179)
   defining Unicode char U+00B4 (decimal 180)
   defining Unicode char U+00B5 (decimal 181)
   defining Unicode char U+00B6 (decimal 182)
   defining Unicode char U+00B7 (decimal 183)
   defining Unicode char U+00B9 (decimal 185)
   defining Unicode char U+00BA (decimal 186)
   defining Unicode char U+00BC (decimal 188)
   defining Unicode char U+00BD (decimal 189)
   defining Unicode char U+00BE (decimal 190)
   defining Unicode char U+00D7 (decimal 215)
   defining Unicode char U+00F7 (decimal 247)
   defining Unicode char U+0192 (decimal 402)
   defining Unicode char U+02C7 (decimal 711)
   defining Unicode char U+02D8 (decimal 728)
   defining Unicode char U+02DD (decimal 733)
   defining Unicode char U+0E3F (decimal 3647)
   defining Unicode char U+2016 (decimal 8214)
   defining Unicode char U+2020 (decimal 8224)
   defining Unicode char U+2021 (decimal 8225)
   defining Unicode char U+2022 (decimal 8226)
   defining Unicode char U+2030 (decimal 8240)
   defining Unicode char U+2031 (decimal 8241)
   defining Unicode char U+203B (decimal 8251)
   defining Unicode char U+203D (decimal 8253)
   defining Unicode char U+2044 (decimal 8260)
   defining Unicode char U+204E (decimal 8270)
   defining Unicode char U+2052 (decimal 8274)
   defining Unicode char U+20A1 (decimal 8353)
   defining Unicode char U+20A4 (decimal 8356)
   defining Unicode char U+20A6 (decimal 8358)
   defining Unicode char U+20A9 (decimal 8361)
   defining Unicode char U+20AB (decimal 8363)
   defining Unicode char U+20AC (decimal 8364)
   defining Unicode char U+20B1 (decimal 8369)
   defining Unicode char U+2103 (decimal 8451)
   defining Unicode char U+2116 (decimal 8470)
   defining Unicode char U+2117 (decimal 8471)
   defining Unicode char U+211E (decimal 8478)
   defining Unicode char U+2120 (decimal 8480)
   defining Unicode char U+2122 (decimal 8482)
   defining Unicode char U+2126 (decimal 8486)
   defining Unicode char U+2127 (decimal 8487)
   defining Unicode char U+212E (decimal 8494)
   defining Unicode char U+2190 (decimal 8592)
   defining Unicode char U+2191 (decimal 8593)
   defining Unicode char U+2192 (decimal 8594)
   defining Unicode char U+2193 (decimal 8595)
   defining Unicode char U+2329 (decimal 9001)
   defining Unicode char U+232A (decimal 9002)
   defining Unicode char U+2422 (decimal 9250)
   defining Unicode char U+25E6 (decimal 9702)
   defining Unicode char U+25EF (decimal 9711)
   defining Unicode char U+266A (decimal 9834)
))
LaTeX Info: Redefining \oldstylenums on input line 266.
Package textcomp Info: Setting cmr sub-encoding to TS1/0 on input line 281.
Package textcomp Info: Setting cmss sub-encoding to TS1/0 on input line 282.
Package textcomp Info: Setting cmtt sub-encoding to TS1/0 on input line 283.
Package textcomp Info: Setting cmvtt sub-encoding to TS1/0 on input line 284.
Package textcomp Info: Setting cmbr sub-encoding to TS1/0 on input line 285.
Package textcomp Info: Setting cmtl sub-encoding to TS1/0 on input line 286.
Package textcomp Info: Setting ccr sub-encoding to TS1/0 on input line 287.
Package textcomp Info: Setting ptm sub-encoding to TS1/4 on input line 288.
Package textcomp Info: Setting pcr sub-encoding to TS1/4 on input line 289.
Package textcomp Info: Setting phv sub-encoding to TS1/4 on input line 290.
Package textcomp Info: Setting ppl sub-encoding to TS1/3 on input line 291.
Package textcomp Info: Setting pag sub-encoding to TS1/4 on input line 292.
Package textcomp Info: Setting pbk sub-encoding to TS1/4 on input line 293.
Package textcomp Info: Setting pnc sub-encoding to TS1/4 on input line 294.
Package textcomp Info: Setting pzc sub-encoding to TS1/4 on input line 295.
Package textcomp Info: Setting bch sub-encoding to TS1/4 on input line 296.
Package textcomp Info: Setting put sub-encoding to TS1/5 on input line 297.
Package textcomp Info: Setting uag sub-encoding to TS1/5 on input line 298.
Package textcomp Info: Setting ugq sub-encoding to TS1/5 on input line 299.
Package textcomp Info: Setting ul8 sub-encoding to TS1/4 on input line 300.
Package textcomp Info: Setting ul9 sub-encoding to TS1/4 on input line 301.
Package textcomp Info: Setting augie sub-encoding to TS1/5 on input line 302.
Package textcomp Info: Setting dayrom sub-encoding to TS1/3 on input line 303.
Package textcomp Info: Setting dayroms sub-encoding to TS1/3 on input line 304.

Package textcomp Info: Setting pxr sub-encoding to TS1/0 on input line 305.
Package textcomp Info: Setting pxss sub-encoding to TS1/0 on input line 306.
Package textcomp Info: Setting pxtt sub-encoding to TS1/0 on input line 307.
Package textcomp Info: Setting txr sub-encoding to TS1/0 on input line 308.
Package textcomp Info: Setting txss sub-encoding to TS1/0 on input line 309.
Package textcomp Info: Setting txtt sub-encoding to TS1/0 on input line 310.
Package textcomp Info: Setting lmr sub-encoding to TS1/0 on input line 311.
Package textcomp Info: Setting lmdh sub-encoding to TS1/0 on input line 312.
Package textcomp Info: Setting lmss sub-encoding to TS1/0 on input line 313.
Package textcomp Info: Setting lmssq sub-encoding to TS1/0 on input line 314.
Package textcomp Info: Setting lmvtt sub-encoding to TS1/0 on input line 315.
Package textcomp Info: Setting qhv sub-encoding to TS1/0 on input line 316.
Package textcomp Info: Setting qag sub-encoding to TS1/0 on input line 317.
Package textcomp Info: Setting qbk sub-encoding to TS1/0 on input line 318.
Package textcomp Info: Setting qcr sub-encoding to TS1/0 on input line 319.
Package textcomp Info: Setting qcs sub-encoding to TS1/0 on input line 320.
Package textcomp Info: Setting qpl sub-encoding to TS1/0 on input line 321.
Package textcomp Info: Setting qtm sub-encoding to TS1/0 on input line 322.
Package textcomp Info: Setting qzc sub-encoding to TS1/0 on input line 323.
Package textcomp Info: Setting qhvc sub-encoding to TS1/0 on input line 324.
Package textcomp Info: Setting futs sub-encoding to TS1/4 on input line 325.
Package textcomp Info: Setting futx sub-encoding to TS1/4 on input line 326.
Package textcomp Info: Setting futj sub-encoding to TS1/4 on input line 327.
Package textcomp Info: Setting hlh sub-encoding to TS1/3 on input line 328.
Package textcomp Info: Setting hls sub-encoding to TS1/3 on input line 329.
Package textcomp Info: Setting hlst sub-encoding to TS1/3 on input line 330.
Package textcomp Info: Setting hlct sub-encoding to TS1/5 on input line 331.
Package textcomp Info: Setting hlx sub-encoding to TS1/5 on input line 332.
Package textcomp Info: Setting hlce sub-encoding to TS1/5 on input line 333.
Package textcomp Info: Setting hlcn sub-encoding to TS1/5 on input line 334.
Package textcomp Info: Setting hlcw sub-encoding to TS1/5 on input line 335.
Package textcomp Info: Setting hlcf sub-encoding to TS1/5 on input line 336.
Package textcomp Info: Setting pplx sub-encoding to TS1/3 on input line 337.
Package textcomp Info: Setting pplj sub-encoding to TS1/3 on input line 338.
Package textcomp Info: Setting ptmx sub-encoding to TS1/4 on input line 339.
Package textcomp Info: Setting ptmj sub-encoding to TS1/4 on input line 340.
)
(/usr/share/texlive/texmf-dist/tex/latex/fancybox/fancybox.sty
Package: fancybox 2010/05/15 1.4

Style option: `fancybox' v1.4 <2010/05/15> (tvz)
\@fancybox=\box30
\shadowsize=\dimen105
\@Sbox=\box31
\do@VerbBox=\toks17
\the@fancyput=\toks18
\this@fancyput=\toks19
\EndVerbatimTokens=\toks20
\Verbatim@Outfile=\write3
\Verbatim@Infile=\read1
) (/usr/share/texlive/texmf-dist/tex/latex/titlesec/titlesec.sty
Package: titlesec 2011/12/15 v2.10.0 Sectioning titles
\ttl@box=\box32
\beforetitleunit=\skip63
\aftertitleunit=\skip64
\ttl@plus=\dimen106
\ttl@minus=\dimen107
\ttl@toksa=\toks21
\titlewidth=\dimen108
\titlewidthlast=\dimen109
\titlewidthfirst=\dimen110
)
(./tabulary.sty
Package: tabulary 2008/12/01 v0.9 tabulary package (DPC)
 (/usr/share/texlive/texmf-dist/tex/latex/tools/array.sty
Package: array 2008/09/09 v2.4c Tabular extension package (FMi)
\col@sep=\dimen111
\extrarowheight=\dimen112
\NC@list=\toks22
\extratabsurround=\skip65
\backup@length=\skip66
)
\TY@count=\count96
\TY@linewidth=\dimen113
\tymin=\dimen114
\tymax=\dimen115
\TY@tablewidth=\dimen116
)
(/usr/share/texlive/texmf-dist/tex/latex/amsmath/amsmath.sty
Package: amsmath 2013/01/14 v2.14 AMS math features
\@mathmargin=\skip67

For additional information on amsmath, use the `?' option.
(/usr/share/texlive/texmf-dist/tex/latex/amsmath/amstext.sty
Package: amstext 2000/06/29 v2.01

(/usr/share/texlive/texmf-dist/tex/latex/amsmath/amsgen.sty
File: amsgen.sty 1999/11/30 v2.0
\@emptytoks=\toks23
\ex@=\dimen117
))
(/usr/share/texlive/texmf-dist/tex/latex/amsmath/amsbsy.sty
Package: amsbsy 1999/11/29 v1.2d
\pmbraise@=\dimen118
)
(/usr/share/texlive/texmf-dist/tex/latex/amsmath/amsopn.sty
Package: amsopn 1999/12/14 v2.01 operator names
)
\inf@bad=\count97
LaTeX Info: Redefining \frac on input line 210.
\uproot@=\count98
\leftroot@=\count99
LaTeX Info: Redefining \overline on input line 306.
\classnum@=\count100
\DOTSCASE@=\count101
LaTeX Info: Redefining \ldots on input line 378.
LaTeX Info: Redefining \dots on input line 381.
LaTeX Info: Redefining \cdots on input line 466.
\Mathstrutbox@=\box33
\strutbox@=\box34
\big@size=\dimen119
LaTeX Font Info:    Redeclaring font encoding OML on input line 566.
LaTeX Font Info:    Redeclaring font encoding OMS on input line 567.
\macc@depth=\count102
\c@MaxMatrixCols=\count103
\dotsspace@=\muskip10
\c@parentequation=\count104
\dspbrk@lvl=\count105
\tag@help=\toks24
\row@=\count106
\column@=\count107
\maxfields@=\count108
\andhelp@=\toks25
\eqnshift@=\dimen120
\alignsep@=\dimen121
\tagshift@=\dimen122
\tagwidth@=\dimen123
\totwidth@=\dimen124
\lineht@=\dimen125
\@envbody=\toks26
\multlinegap=\skip68
\multlinetaggap=\skip69
\mathdisplay@stack=\toks27
LaTeX Info: Redefining \[ on input line 2665.
LaTeX Info: Redefining \] on input line 2666.
)
(/usr/share/texlive/texmf-dist/tex/latex/base/makeidx.sty
Package: makeidx 2000/03/29 v1.0m Standard LaTeX package
)
(/usr/share/texlive/texmf-dist/tex/latex/framed/framed.sty
Package: framed 2011/10/22 v 0.96: framed or shaded text with page breaks
\OuterFrameSep=\skip70
\fb@frw=\dimen126
\fb@frh=\dimen127
\FrameRule=\dimen128
\FrameSep=\dimen129
)
(/usr/share/texlive/texmf-dist/tex/latex/base/ifthen.sty
Package: ifthen 2001/05/26 v1.1c Standard LaTeX ifthen package (DPC)
)
(/usr/share/texlive/texmf-dist/tex/latex/graphics/color.sty
Package: color 2005/11/14 v1.0j Standard LaTeX Color (DPC)

(/usr/share/texlive/texmf-dist/tex/latex/latexconfig/color.cfg
File: color.cfg 2007/01/18 v1.5 color configuration of teTeX/TeXLive
)
Package color Info: Driver file: pdftex.def on input line 130.

(/usr/share/texlive/texmf-dist/tex/latex/pdftex-def/pdftex.def
File: pdftex.def 2011/05/27 v0.06d Graphics/color for pdfTeX

(/usr/share/texlive/texmf-dist/tex/generic/oberdiek/infwarerr.sty
Package: infwarerr 2010/04/08 v1.3 Providing info/warning/error messages (HO)
)
(/usr/share/texlive/texmf-dist/tex/generic/oberdiek/ltxcmds.sty
Package: ltxcmds 2011/11/09 v1.22 LaTeX kernel commands for general use (HO)
)
\Gread@gobject=\count109
))
(/usr/share/texlive/texmf-dist/tex/latex/fancyvrb/fancyvrb.sty
Package: fancyvrb 2008/02/07

Style option: `fancyvrb' v2.7a, with DG/SPQR fixes, and firstline=lastline fix 
<2008/02/07> (tvz) (/usr/share/texlive/texmf-dist/tex/latex/graphics/keyval.sty
Package: keyval 1999/03/16 v1.13 key=value parser (DPC)
\KV@toks@=\toks28
)
\FV@CodeLineNo=\count110
\FV@InFile=\read2
\FV@TabBox=\box35
\c@FancyVerbLine=\count111
\FV@StepNumber=\count112
\FV@OutFile=\write4
) (/usr/share/texlive/texmf-dist/tex/latex/threeparttable/threeparttable.sty
Package: threeparttable 2003/06/13  v 3.0
\@tempboxb=\box36
)
(/usr/share/texlive/texmf-dist/tex/latex/mdwtools/footnote.sty
Package: footnote 1997/01/28 1.13 Save footnotes around boxes
\fn@notes=\box37
\fn@width=\dimen130
)
(/usr/share/texlive/texmf-dist/tex/latex/wrapfig/wrapfig.sty
\wrapoverhang=\dimen131
\WF@size=\dimen132
\c@WF@wrappedlines=\count113
\WF@box=\box38
\WF@everypar=\toks29
Package: wrapfig 2003/01/31  v 3.6
)
(/usr/share/texlive/texmf-dist/tex/latex/parskip/parskip.sty
Package: parskip 2001/04/09 non-zero parskip adjustments
)
(/usr/share/texlive/texmf-dist/tex/latex/base/alltt.sty
Package: alltt 1997/06/16 v2.0g defines alltt environment
)
(/usr/share/texlive/texmf-dist/tex/latex/upquote/upquote.sty
Package: upquote 2012/04/19 v1.3 upright-quote and grave-accent glyphs in verba
tim
)
(/usr/share/texlive/texmf-dist/tex/latex/graphics/graphicx.sty
Package: graphicx 1999/02/16 v1.0f Enhanced LaTeX Graphics (DPC,SPQR)

(/usr/share/texlive/texmf-dist/tex/latex/graphics/graphics.sty
Package: graphics 2009/02/05 v1.0o Standard LaTeX Graphics (DPC,SPQR)

(/usr/share/texlive/texmf-dist/tex/latex/graphics/trig.sty
Package: trig 1999/03/16 v1.09 sin cos tan (DPC)
)
(/usr/share/texlive/texmf-dist/tex/latex/latexconfig/graphics.cfg
File: graphics.cfg 2010/04/23 v1.9 graphics configuration of TeX Live
)
Package graphics Info: Driver file: pdftex.def on input line 91.
)
\Gin@req@height=\dimen133
\Gin@req@width=\dimen134
)
(/usr/share/texlive/texmf-dist/tex/plain/misc/pdfcolor.tex)
\distancetoright=\skip71
\py@argswidth=\skip72
\py@noticelength=\skip73
\lineblockindentation=\skip74
\image@box=\box39
\image@width=\dimen135

(/usr/share/texlive/texmf-dist/tex/latex/hyperref/hyperref.sty
Package: hyperref 2012/11/06 v6.83m Hypertext links for LaTeX

(/usr/share/texlive/texmf-dist/tex/generic/oberdiek/hobsub-hyperref.sty
Package: hobsub-hyperref 2012/05/28 v1.13 Bundle oberdiek, subset hyperref (HO)


(/usr/share/texlive/texmf-dist/tex/generic/oberdiek/hobsub-generic.sty
Package: hobsub-generic 2012/05/28 v1.13 Bundle oberdiek, subset generic (HO)
Package: hobsub 2012/05/28 v1.13 Construct package bundles (HO)
Package hobsub Info: Skipping package `infwarerr' (already loaded).
Package hobsub Info: Skipping package `ltxcmds' (already loaded).
Package: ifluatex 2010/03/01 v1.3 Provides the ifluatex switch (HO)
Package ifluatex Info: LuaTeX not detected.
Package: ifvtex 2010/03/01 v1.5 Detect VTeX and its facilities (HO)
Package ifvtex Info: VTeX not detected.
Package: intcalc 2007/09/27 v1.1 Expandable calculations with integers (HO)
Package: ifpdf 2011/01/30 v2.3 Provides the ifpdf switch (HO)
Package ifpdf Info: pdfTeX in PDF mode is detected.
Package: etexcmds 2011/02/16 v1.5 Avoid name clashes with e-TeX commands (HO)
Package etexcmds Info: Could not find \expanded.
(etexcmds)             That can mean that you are not using pdfTeX 1.50 or
(etexcmds)             that some package has redefined \expanded.
(etexcmds)             In the latter case, load this package earlier.
Package: kvsetkeys 2012/04/25 v1.16 Key value parser (HO)
Package: kvdefinekeys 2011/04/07 v1.3 Define keys (HO)
Package: pdftexcmds 2011/11/29 v0.20 Utility functions of pdfTeX for LuaTeX (HO
)
Package pdftexcmds Info: LuaTeX not detected.
Package pdftexcmds Info: \pdf@primitive is available.
Package pdftexcmds Info: \pdf@ifprimitive is available.
Package pdftexcmds Info: \pdfdraftmode found.
Package: pdfescape 2011/11/25 v1.13 Implements pdfTeX's escape features (HO)
Package: bigintcalc 2012/04/08 v1.3 Expandable calculations on big integers (HO
)
Package: bitset 2011/01/30 v1.1 Handle bit-vector datatype (HO)
Package: uniquecounter 2011/01/30 v1.2 Provide unlimited unique counter (HO)
)
Package hobsub Info: Skipping package `hobsub' (already loaded).
Package: letltxmacro 2010/09/02 v1.4 Let assignment for LaTeX macros (HO)
Package: hopatch 2012/05/28 v1.2 Wrapper for package hooks (HO)
Package: xcolor-patch 2011/01/30 xcolor patch
Package: atveryend 2011/06/30 v1.8 Hooks at the very end of document (HO)
Package atveryend Info: \enddocument detected (standard20110627).
Package: atbegshi 2011/10/05 v1.16 At begin shipout hook (HO)
Package: refcount 2011/10/16 v3.4 Data extraction from label references (HO)
Package: hycolor 2011/01/30 v1.7 Color options for hyperref/bookmark (HO)
)
(/usr/share/texlive/texmf-dist/tex/generic/ifxetex/ifxetex.sty
Package: ifxetex 2010/09/12 v0.6 Provides ifxetex conditional
)
(/usr/share/texlive/texmf-dist/tex/latex/oberdiek/auxhook.sty
Package: auxhook 2011/03/04 v1.3 Hooks for auxiliary files (HO)
)
(/usr/share/texlive/texmf-dist/tex/latex/oberdiek/kvoptions.sty
Package: kvoptions 2011/06/30 v3.11 Key value format for package options (HO)
)
\@linkdim=\dimen136
\Hy@linkcounter=\count114
\Hy@pagecounter=\count115

(/usr/share/texlive/texmf-dist/tex/latex/hyperref/pd1enc.def
File: pd1enc.def 2012/11/06 v6.83m Hyperref: PDFDocEncoding definition (HO)
Now handling font encoding PD1 ...
... no UTF-8 mapping file for font encoding PD1
)
\Hy@SavedSpaceFactor=\count116

(/usr/share/texlive/texmf-dist/tex/latex/latexconfig/hyperref.cfg
File: hyperref.cfg 2002/06/06 v1.2 hyperref configuration of TeXLive
)
Package hyperref Info: Option `colorlinks' set `true' on input line 4319.
Package hyperref Info: Option `breaklinks' set `true' on input line 4319.
Package hyperref Info: Hyper figures OFF on input line 4443.
Package hyperref Info: Link nesting OFF on input line 4448.
Package hyperref Info: Hyper index ON on input line 4451.
Package hyperref Info: Plain pages OFF on input line 4458.
Package hyperref Info: Backreferencing OFF on input line 4463.
Package hyperref Info: Implicit mode ON; LaTeX internals redefined.
Package hyperref Info: Bookmarks ON on input line 4688.
\c@Hy@tempcnt=\count117

(/usr/share/texlive/texmf-dist/tex/latex/url/url.sty
\Urlmuskip=\muskip11
Package: url 2013/09/16  ver 3.4  Verb mode for urls, etc.
)
LaTeX Info: Redefining \url on input line 5041.
\XeTeXLinkMargin=\dimen137
\Fld@menulength=\count118
\Field@Width=\dimen138
\Fld@charsize=\dimen139
Package hyperref Info: Hyper figures OFF on input line 6295.
Package hyperref Info: Link nesting OFF on input line 6300.
Package hyperref Info: Hyper index ON on input line 6303.
Package hyperref Info: backreferencing OFF on input line 6310.
Package hyperref Info: Link coloring ON on input line 6313.
Package hyperref Info: Link coloring with OCG OFF on input line 6320.
Package hyperref Info: PDF/A mode OFF on input line 6325.
LaTeX Info: Redefining \ref on input line 6365.
LaTeX Info: Redefining \pageref on input line 6369.
\Hy@abspage=\count119
\c@Item=\count120
\c@Hfootnote=\count121
)

Package hyperref Message: Driver (autodetected): hpdftex.

(/usr/share/texlive/texmf-dist/tex/latex/hyperref/hpdftex.def
File: hpdftex.def 2012/11/06 v6.83m Hyperref driver for pdfTeX
\Fld@listcount=\count122
\c@bookmark@seq@number=\count123

(/usr/share/texlive/texmf-dist/tex/latex/oberdiek/rerunfilecheck.sty
Package: rerunfilecheck 2011/04/15 v1.7 Rerun checks for auxiliary files (HO)
Package uniquecounter Info: New unique counter `rerunfilecheck' on input line 2
82.
)
\Hy@SectionHShift=\skip75
)
(/usr/share/texlive/texmf-dist/tex/latex/oberdiek/hypcap.sty
Package: hypcap 2011/02/16 v1.11 Adjusting the anchors of captions (HO)
)
\DUlineblockindent=\skip76

(/usr/share/texlive/texmf-dist/tex/latex/caption/newfloat.sty
Package: newfloat 2013/05/11 v1.1-91 Defining new floating environments (AR)
)
Package newfloat Info: New float `literal-block' with options `' on input line 
527.
\c@literal-block=\count124
\newfloat@ftype=\count125
Package newfloat Info: float type `literal-block'=8 on input line 527.

(/usr/share/texlive/texmf-dist/tex/latex/capt-of/capt-of.sty
Package: capt-of 2009/12/29 v0.2 standard captions outside of floats
)
(/usr/share/texlive/texmf-dist/tex/latex/needspace/needspace.sty
Package: needspace 2010/09/12 v1.3d reserve vertical space
))
(/usr/share/texlive/texmf-dist/tex/latex/multirow/multirow.sty
\bigstrutjot=\dimen140
)
(/usr/share/texlive/texmf-dist/tex/latex/eqparbox/eqparbox.sty
Package: eqparbox 2013/03/15 v4.0 Create equal-widthed boxes
\eqp@tempdima=\skip77
\eqp@tempdimb=\skip78
\eqp@tabular@box=\box40
\eqp@list@box=\box41
\eqp@list@indent=\skip79

(/usr/share/texlive/texmf-dist/tex/latex/environ/environ.sty
Package: environ 2013/04/01 v0.3 A new environment syntax

(/usr/share/texlive/texmf-dist/tex/latex/trimspaces/trimspaces.sty
Package: trimspaces 2009/09/17 v1.1 Trim spaces around a token list
)))
(/usr/share/texlive/texmf-dist/tex/latex/amsfonts/amsfonts.sty
Package: amsfonts 2013/01/14 v3.01 Basic AMSFonts support
\symAMSa=\mathgroup4
\symAMSb=\mathgroup5
LaTeX Font Info:    Overwriting math alphabet `\mathfrak' in version `bold'
(Font)                  U/euf/m/n --> U/euf/b/n on input line 106.
)
Package color Info: Redefining color red on input line 27.
Package color Info: Redefining color green on input line 28.
Package color Info: Redefining color blue on input line 30.
Package color Info: Redefining color cyan on input line 32.
\@indexfile=\write5
\openout5 = `climlab-0301Documentation.idx'.


Writing index file climlab-0301Documentation.idx
(./climlab-0301Documentation.aux)
\openout1 = `climlab-0301Documentation.aux'.

LaTeX Font Info:    Checking defaults for OML/cmm/m/it on input line 150.
LaTeX Font Info:    ... okay on input line 150.
LaTeX Font Info:    Checking defaults for T1/cmr/m/n on input line 150.
LaTeX Font Info:    ... okay on input line 150.
LaTeX Font Info:    Checking defaults for OT1/cmr/m/n on input line 150.
LaTeX Font Info:    ... okay on input line 150.
LaTeX Font Info:    Checking defaults for OMS/cmsy/m/n on input line 150.
LaTeX Font Info:    ... okay on input line 150.
LaTeX Font Info:    Checking defaults for OMX/cmex/m/n on input line 150.
LaTeX Font Info:    ... okay on input line 150.
LaTeX Font Info:    Checking defaults for U/cmr/m/n on input line 150.
LaTeX Font Info:    ... okay on input line 150.
LaTeX Font Info:    Checking defaults for TS1/cmr/m/n on input line 150.
LaTeX Font Info:    Try loading font information for TS1+cmr on input line 150.


(/usr/share/texlive/texmf-dist/tex/latex/base/ts1cmr.fd
File: ts1cmr.fd 1999/05/25 v2.5h Standard LaTeX font definitions
)
LaTeX Font Info:    ... okay on input line 150.
LaTeX Font Info:    Checking defaults for PD1/pdf/m/n on input line 150.
LaTeX Font Info:    ... okay on input line 150.
LaTeX Font Info:    Try loading font information for T1+ptm on input line 150.

(/usr/share/texlive/texmf-dist/tex/latex/psnfss/t1ptm.fd
File: t1ptm.fd 2001/06/04 font definitions for T1/ptm.
)
(/usr/share/texlive/texmf-dist/tex/context/base/supp-pdf.mkii
[Loading MPS to PDF converter (version 2006.09.02).]
\scratchcounter=\count126
\scratchdimen=\dimen141
\scratchbox=\box42
\nofMPsegments=\count127
\nofMParguments=\count128
\everyMPshowfont=\toks30
\MPscratchCnt=\count129
\MPscratchDim=\dimen142
\MPnumerator=\count130
\makeMPintoPDFobject=\count131
\everyMPtoPDFconversion=\toks31
) (/usr/share/texlive/texmf-dist/tex/latex/oberdiek/epstopdf-base.sty
Package: epstopdf-base 2010/02/09 v2.5 Base part for package epstopdf

(/usr/share/texlive/texmf-dist/tex/latex/oberdiek/grfext.sty
Package: grfext 2010/08/19 v1.1 Manage graphics extensions (HO)
)
Package grfext Info: Graphics extension search list:
(grfext)             [.png,.pdf,.jpg,.mps,.jpeg,.jbig2,.jb2,.PNG,.PDF,.JPG,.JPE
G,.JBIG2,.JB2,.eps]
(grfext)             \AppendGraphicsExtensions on input line 452.

(/usr/share/texlive/texmf-dist/tex/latex/latexconfig/epstopdf-sys.cfg
File: epstopdf-sys.cfg 2010/07/13 v1.3 Configuration of (r)epstopdf for TeX Liv
e
))
\AtBeginShipoutBox=\box43
Package hyperref Info: Link coloring ON on input line 150.

(/usr/share/texlive/texmf-dist/tex/latex/hyperref/nameref.sty
Package: nameref 2012/10/27 v2.43 Cross-referencing by name of section

(/usr/share/texlive/texmf-dist/tex/generic/oberdiek/gettitlestring.sty
Package: gettitlestring 2010/12/03 v1.4 Cleanup title references (HO)
)
\c@section@level=\count132
)
LaTeX Info: Redefining \ref on input line 150.
LaTeX Info: Redefining \pageref on input line 150.
LaTeX Info: Redefining \nameref on input line 150.

(./climlab-0301Documentation.out) (./climlab-0301Documentation.out)
\@outlinefile=\write6
\openout6 = `climlab-0301Documentation.out'.


Underfull \hbox (badness 10000) in paragraph at lines 153--153

 []

<logo.png, id=149, 546.04pt x 111.41624pt>
File: logo.png Graphic file (type png)
 <use logo.png>
Package pdftex.def Info: logo.png used on input line 153.
(pdftex.def)             Requested size: 546.03867pt x 111.41597pt.
File: logo.png Graphic file (type png)
 <use logo.png>
Package pdftex.def Info: logo.png used on input line 153.
(pdftex.def)             Requested size: 452.96788pt x 92.42615pt.
LaTeX Font Info:    Try loading font information for T1+phv on input line 153.

(/usr/share/texlive/texmf-dist/tex/latex/psnfss/t1phv.fd
File: t1phv.fd 2001/06/04 scalable font definitions for T1/phv.
)
LaTeX Font Info:    Font shape `T1/phv/bx/n' in size <24.88> not available
(Font)              Font shape `T1/phv/b/n' tried instead on input line 153.
LaTeX Font Info:    Font shape `T1/phv/m/it' in size <17.28> not available
(Font)              Font shape `T1/phv/m/sl' tried instead on input line 153.
LaTeX Font Info:    Font shape `T1/phv/bx/it' in size <17.28> not available
(Font)              Font shape `T1/phv/b/it' tried instead on input line 153.
LaTeX Font Info:    Font shape `T1/phv/b/it' in size <17.28> not available
(Font)              Font shape `T1/phv/b/sl' tried instead on input line 153.
LaTeX Font Info:    Font shape `T1/phv/bx/n' in size <17.28> not available
(Font)              Font shape `T1/phv/b/n' tried instead on input line 153.
<<ot1.cmap>><<oml.cmap>><<oms.cmap>><<omx.cmap>>
LaTeX Font Info:    Try loading font information for U+msa on input line 153.

(/usr/share/texlive/texmf-dist/tex/latex/amsfonts/umsa.fd
File: umsa.fd 2013/01/14 v3.01 AMS symbols A
)
LaTeX Font Info:    Try loading font information for U+msb on input line 153.

(/usr/share/texlive/texmf-dist/tex/latex/amsfonts/umsb.fd
File: umsb.fd 2013/01/14 v3.01 AMS symbols B
) [1

{/var/lib/texmf/fonts/map/pdftex/updmap/pdftex.map} <./logo.png>] [2

]
(./climlab-0301Documentation.toc
LaTeX Font Info:    Font shape `T1/ptm/bx/n' in size <10> not available
(Font)              Font shape `T1/ptm/b/n' tried instead on input line 2.
)
\tf@toc=\write7
\openout7 = `climlab-0301Documentation.toc'.


Adding blank page after the table of contents.
LaTeX Font Info:    Font shape `T1/phv/bx/n' in size <10> not available
(Font)              Font shape `T1/phv/b/n' tried instead on input line 153.
[1

] [2] [1

] [2

]
Chapter 1.
LaTeX Font Info:    Font shape `T1/phv/bx/n' in size <14.4> not available
(Font)              Font shape `T1/phv/b/n' tried instead on input line 160.
LaTeX Font Info:    Font shape `T1/ptm/bx/n' in size <14.4> not available
(Font)              Font shape `T1/ptm/b/n' tried instead on input line 160.
LaTeX Font Info:    Font shape `T1/ptm/bx/n' in size <24.88> not available
(Font)              Font shape `T1/ptm/b/n' tried instead on input line 160.
LaTeX Font Info:    Try loading font information for T1+pcr on input line 176.
(/usr/share/texlive/texmf-dist/tex/latex/psnfss/t1pcr.fd
File: t1pcr.fd 2001/06/04 font definitions for T1/pcr.
)
LaTeX Font Info:    Try loading font information for TS1+ptm on input line 194.


(/usr/share/texlive/texmf-dist/tex/latex/psnfss/ts1ptm.fd
File: ts1ptm.fd 2001/06/04 font definitions for TS1/ptm.
) [3] [4]
Chapter 2.
LaTeX Font Info:    Font shape `T1/phv/bx/n' in size <12> not available
(Font)              Font shape `T1/phv/b/n' tried instead on input line 286.
LaTeX Font Info:    Font shape `T1/pcr/bx/n' in size <9> not available
(Font)              Font shape `T1/pcr/b/n' tried instead on input line 294.
[5

] [6]
Chapter 3.
LaTeX Font Info:    Font shape `T1/pcr/m/it' in size <10> not available
(Font)              Font shape `T1/pcr/m/sl' tried instead on input line 358.
LaTeX Font Info:    Font shape `T1/pcr/bx/n' in size <10> not available
(Font)              Font shape `T1/pcr/b/n' tried instead on input line 383.
[7

]
LaTeX Font Info:    Font shape `T1/pcr/m/it' in size <9> not available
(Font)              Font shape `T1/pcr/m/sl' tried instead on input line 438.
LaTeX Font Info:    Try loading font information for TS1+pcr on input line 463.

 (/usr/share/texlive/texmf-dist/tex/latex/psnfss/ts1pcr.fd
File: ts1pcr.fd 2001/06/04 font definitions for TS1/pcr.
) [8]
LaTeX Font Info:    Font shape `T1/ptm/bx/it' in size <10> not available
(Font)              Font shape `T1/ptm/b/it' tried instead on input line 513.
LaTeX Font Info:    Font shape `T1/pcr/bx/it' in size <10> not available
(Font)              Font shape `T1/pcr/b/it' tried instead on input line 513.
LaTeX Font Info:    Font shape `T1/pcr/b/it' in size <10> not available
(Font)              Font shape `T1/pcr/b/sl' tried instead on input line 513.
 [9] [10]
Underfull \hbox (badness 10000) in paragraph at lines 660--662
\T1/ptm/m/n/10 For con-ve-nience with in-ter-ac-tive work, each sub-pro-cess \T
1/pcr/m/n/10 'name' \T1/ptm/m/n/10 should be ac-ces-si-ble as
 []


Underfull \hbox (badness 10000) in paragraph at lines 660--662
\T1/pcr/m/n/10 proc.subprocess.name \T1/ptm/m/n/10 as well as the reg-u-lar way
 through the sub-pro-cess dic-tio-nary
 []


Underfull \hbox (badness 10000) in paragraph at lines 702--707

 []

[11] [12]
Chapter 4.
[13

] [14] [15] [16

]
Chapter 5.

Underfull \hbox (badness 10000) in paragraph at lines 998--999
[]\T1/pcr/m/n/10 num_lat=90, S0=const.S0, A=210., B=2., D=0.55, water_depth=10.
, Tf=-10,
 []


Underfull \hbox (badness 10000) in paragraph at lines 998--999
\T1/pcr/m/n/10 a0=0.3, a2=0.078, ai=0.62, timestep=const.seconds_per_year/90., 
T0=12.,
 []

[17] [18] [19] [20]
<notebooks_Preconfigured_EBM_31_0.png, id=470, 897.3525pt x 593.21625pt>
File: notebooks_Preconfigured_EBM_31_0.png Graphic file (type png)

<use notebooks_Preconfigured_EBM_31_0.png>
Package pdftex.def Info: notebooks_Preconfigured_EBM_31_0.png used on input lin
e 1241.
(pdftex.def)             Requested size: 897.3503pt x 593.2148pt.
File: notebooks_Preconfigured_EBM_31_0.png Graphic file (type png)

<use notebooks_Preconfigured_EBM_31_0.png>
Package pdftex.def Info: notebooks_Preconfigured_EBM_31_0.png used on input lin
e 1241.
(pdftex.def)             Requested size: 452.96788pt x 299.44058pt.
 [21 <./notebooks_Preconfigured_EBM_31_0.png>] [22] [23]
<notebooks_Boltzmann_EBM_19_0.png, id=489, 897.3525pt x 593.21625pt>
File: notebooks_Boltzmann_EBM_19_0.png Graphic file (type png)

<use notebooks_Boltzmann_EBM_19_0.png>
Package pdftex.def Info: notebooks_Boltzmann_EBM_19_0.png used on input line 14
56.
(pdftex.def)             Requested size: 897.3503pt x 593.2148pt.
File: notebooks_Boltzmann_EBM_19_0.png Graphic file (type png)
 <use notebooks_Boltzmann_EBM_19_0.png>
Package pdftex.def Info: notebooks_Boltzmann_EBM_19_0.png used on input line 14
56.
(pdftex.def)             Requested size: 452.96788pt x 299.44058pt.

[24 <./notebooks_Boltzmann_EBM_19_0.png>]
<notebooks_Boltzmann_EBM_21_0.png, id=495, 897.3525pt x 593.21625pt>
File: notebooks_Boltzmann_EBM_21_0.png Graphic file (type png)

<use notebooks_Boltzmann_EBM_21_0.png>
Package pdftex.def Info: notebooks_Boltzmann_EBM_21_0.png used on input line 15
23.
(pdftex.def)             Requested size: 897.3503pt x 593.2148pt.
File: notebooks_Boltzmann_EBM_21_0.png Graphic file (type png)
 <use notebooks_Boltzmann_EBM_21_0.png>
Package pdftex.def Info: notebooks_Boltzmann_EBM_21_0.png used on input line 15
23.
(pdftex.def)             Requested size: 452.96788pt x 299.44058pt.

[25] [26 <./notebooks_Boltzmann_EBM_21_0.png>] [27] [28]
<notebooks_Budyko_Transport_EBM_20_0.png, id=518, 897.3525pt x 593.21625pt>
File: notebooks_Budyko_Transport_EBM_20_0.png Graphic file (type png)

<use notebooks_Budyko_Transport_EBM_20_0.png>
Package pdftex.def Info: notebooks_Budyko_Transport_EBM_20_0.png used on input 
line 1710.
(pdftex.def)             Requested size: 897.3503pt x 593.2148pt.
File: notebooks_Budyko_Transport_EBM_20_0.png Graphic file (type png)

<use notebooks_Budyko_Transport_EBM_20_0.png>
Package pdftex.def Info: notebooks_Budyko_Transport_EBM_20_0.png used on input 
line 1710.
(pdftex.def)             Requested size: 452.96788pt x 299.44058pt.
 [29 <./notebooks_Budyko_Transport_EBM_20_0.png>]
<notebooks_Budyko_Transport_EBM_22_0.png, id=524, 897.3525pt x 593.21625pt>
File: notebooks_Budyko_Transport_EBM_22_0.png Graphic file (type png)

<use notebooks_Budyko_Transport_EBM_22_0.png>
Package pdftex.def Info: notebooks_Budyko_Transport_EBM_22_0.png used on input 
line 1777.
(pdftex.def)             Requested size: 897.3503pt x 593.2148pt.
File: notebooks_Budyko_Transport_EBM_22_0.png Graphic file (type png)

<use notebooks_Budyko_Transport_EBM_22_0.png>
Package pdftex.def Info: notebooks_Budyko_Transport_EBM_22_0.png used on input 
line 1777.
(pdftex.def)             Requested size: 452.96788pt x 299.44058pt.
 [30 <./notebooks_Budyko_Transport_EBM_22_0.png>]
<notebooks_Insolation_7_0.png, id=530, 504.88625pt x 402.50375pt>
File: notebooks_Insolation_7_0.png Graphic file (type png)

<use notebooks_Insolation_7_0.png>
Package pdftex.def Info: notebooks_Insolation_7_0.png used on input line 1841.
(pdftex.def)             Requested size: 504.885pt x 402.50276pt.
File: notebooks_Insolation_7_0.png Graphic file (type png)
 <use notebooks_Insolation_7_0.png>
Package pdftex.def Info: notebooks_Insolation_7_0.png used on input line 1841.
(pdftex.def)             Requested size: 452.96788pt x 361.11995pt.
 [31]
<notebooks_Insolation_11_0.png, id=537, 349.305pt x 277.035pt>
File: notebooks_Insolation_11_0.png Graphic file (type png)

<use notebooks_Insolation_11_0.png>
Package pdftex.def Info: notebooks_Insolation_11_0.png used on input line 1869.

(pdftex.def)             Requested size: 349.30414pt x 277.03432pt.
File: notebooks_Insolation_11_0.png Graphic file (type png)
 <use notebooks_Insolation_11_0.png>
Package pdftex.def Info: notebooks_Insolation_11_0.png used on input line 1869.

(pdftex.def)             Requested size: 349.30414pt x 277.03432pt.

[32 <./notebooks_Insolation_7_0.png>] [33 <./notebooks_Insolation_11_0.png>]
<notebooks_Insolation_19_0.png, id=550, 425.59pt x 428.60126pt>
File: notebooks_Insolation_19_0.png Graphic file (type png)

<use notebooks_Insolation_19_0.png>
Package pdftex.def Info: notebooks_Insolation_19_0.png used on input line 1931.

(pdftex.def)             Requested size: 425.58894pt x 428.6002pt.
File: notebooks_Insolation_19_0.png Graphic file (type png)
 <use notebooks_Insolation_19_0.png>
Package pdftex.def Info: notebooks_Insolation_19_0.png used on input line 1931.

(pdftex.def)             Requested size: 425.58894pt x 428.6002pt.

[34 <./notebooks_Insolation_19_0.png>]
<notebooks_Insolation_25_0.png, id=557, 497.86pt x 645.41125pt>
File: notebooks_Insolation_25_0.png Graphic file (type png)

<use notebooks_Insolation_25_0.png>
Package pdftex.def Info: notebooks_Insolation_25_0.png used on input line 1998.

(pdftex.def)             Requested size: 497.85878pt x 645.40968pt.
File: notebooks_Insolation_25_0.png Graphic file (type png)
 <use notebooks_Insolation_25_0.png>
Package pdftex.def Info: notebooks_Insolation_25_0.png used on input line 1998.

(pdftex.def)             Requested size: 452.96788pt x 587.22668pt.

[35] [36 <./notebooks_Insolation_25_0.png>]
<notebooks_Insolation_30_0.png, id=573, 1185.42876pt x 523.9575pt>
File: notebooks_Insolation_30_0.png Graphic file (type png)

<use notebooks_Insolation_30_0.png>
Package pdftex.def Info: notebooks_Insolation_30_0.png used on input line 2064.

(pdftex.def)             Requested size: 1185.42586pt x 523.95622pt.
File: notebooks_Insolation_30_0.png Graphic file (type png)
 <use notebooks_Insolation_30_0.png>
Package pdftex.def Info: notebooks_Insolation_30_0.png used on input line 2064.

(pdftex.def)             Requested size: 452.96788pt x 200.20921pt.

[37 <./notebooks_Insolation_30_0.png>] [38]
<notebooks_Seasonal_cycle_and_heat_capacity_8_0.png, id=586, 926.46124pt x 399.
4925pt>
File: notebooks_Seasonal_cycle_and_heat_capacity_8_0.png Graphic file (type png
)
 <use notebooks_Seasonal_cycle_and_heat_capacity_8_0.png>
Package pdftex.def Info: notebooks_Seasonal_cycle_and_heat_capacity_8_0.png use
d on input line 2157.
(pdftex.def)             Requested size: 926.45897pt x 399.49152pt.
File: notebooks_Seasonal_cycle_and_heat_capacity_8_0.png Graphic file (type png
)

<use notebooks_Seasonal_cycle_and_heat_capacity_8_0.png>
Package pdftex.def Info: notebooks_Seasonal_cycle_and_heat_capacity_8_0.png use
d on input line 2157.
(pdftex.def)             Requested size: 452.96788pt x 195.32024pt.

<notebooks_Seasonal_cycle_and_heat_capacity_12_0.png, id=587, 577.15625pt x 404
.51125pt>
File: notebooks_Seasonal_cycle_and_heat_capacity_12_0.png Graphic file (type pn
g)
 <use notebooks_Seasonal_cycle_and_heat_capacity_12_0.png>
Package pdftex.def Info: notebooks_Seasonal_cycle_and_heat_capacity_12_0.png us
ed on input line 2193.
(pdftex.def)             Requested size: 577.15483pt x 404.51025pt.
File: notebooks_Seasonal_cycle_and_heat_capacity_12_0.png Graphic file (type pn
g)

<use notebooks_Seasonal_cycle_and_heat_capacity_12_0.png>
Package pdftex.def Info: notebooks_Seasonal_cycle_and_heat_capacity_12_0.png us
ed on input line 2193.
(pdftex.def)             Requested size: 452.96788pt x 317.48647pt.
 [39 <./notebooks_Seasonal_cycle_and_heat_capacity_8_0.png>] [40 <./notebooks_S
easonal_cycle_and_heat_capacity_12_0.png>]
<notebooks_Seasonal_cycle_and_heat_capacity_21_0.png, id=600, 390.45876pt x 282
.05376pt>
File: notebooks_Seasonal_cycle_and_heat_capacity_21_0.png Graphic file (type pn
g)
 <use notebooks_Seasonal_cycle_and_heat_capacity_21_0.png>
Package pdftex.def Info: notebooks_Seasonal_cycle_and_heat_capacity_21_0.png us
ed on input line 2250.
(pdftex.def)             Requested size: 390.4578pt x 282.05305pt.
File: notebooks_Seasonal_cycle_and_heat_capacity_21_0.png Graphic file (type pn
g)

<use notebooks_Seasonal_cycle_and_heat_capacity_21_0.png>
Package pdftex.def Info: notebooks_Seasonal_cycle_and_heat_capacity_21_0.png us
ed on input line 2250.
(pdftex.def)             Requested size: 390.4578pt x 282.05305pt.
 [41 <./notebooks_Seasonal_cycle_and_heat_capacity_21_0.png>]
LaTeX Font Info:    Font shape `TS1/pcr/m/it' in size <10> not available
(Font)              Font shape `TS1/pcr/m/sl' tried instead on input line 2291.


<notebooks_Seasonal_cycle_and_heat_capacity_25_0.png, id=606, 1167.36125pt x 62
7.34375pt>
File: notebooks_Seasonal_cycle_and_heat_capacity_25_0.png Graphic file (type pn
g)
 <use notebooks_Seasonal_cycle_and_heat_capacity_25_0.png>
Package pdftex.def Info: notebooks_Seasonal_cycle_and_heat_capacity_25_0.png us
ed on input line 2295.
(pdftex.def)             Requested size: 1167.35841pt x 627.34221pt.
File: notebooks_Seasonal_cycle_and_heat_capacity_25_0.png Graphic file (type pn
g)

<use notebooks_Seasonal_cycle_and_heat_capacity_25_0.png>
Package pdftex.def Info: notebooks_Seasonal_cycle_and_heat_capacity_25_0.png us
ed on input line 2295.
(pdftex.def)             Requested size: 452.96788pt x 243.42822pt.
 [42 <./notebooks_Seasonal_cycle_and_heat_capacity_25_0.png>]
<notebooks_Seasonal_cycle_and_heat_capacity_28_0.png, id=613, 1226.5825pt x 347
.2975pt>
File: notebooks_Seasonal_cycle_and_heat_capacity_28_0.png Graphic file (type pn
g)
 <use notebooks_Seasonal_cycle_and_heat_capacity_28_0.png>
Package pdftex.def Info: notebooks_Seasonal_cycle_and_heat_capacity_28_0.png us
ed on input line 2344.
(pdftex.def)             Requested size: 1226.57951pt x 347.29665pt.
File: notebooks_Seasonal_cycle_and_heat_capacity_28_0.png Graphic file (type pn
g)

<use notebooks_Seasonal_cycle_and_heat_capacity_28_0.png>
Package pdftex.def Info: notebooks_Seasonal_cycle_and_heat_capacity_28_0.png us
ed on input line 2344.
(pdftex.def)             Requested size: 452.96788pt x 128.25429pt.
LaTeX Font Info:    Try loading font information for TS1+phv on input line 2347
.

(/usr/share/texlive/texmf-dist/tex/latex/psnfss/ts1phv.fd
File: ts1phv.fd 2001/06/04 scalable font definitions for TS1/phv.
)
LaTeX Font Info:    Font shape `TS1/phv/bx/n' in size <12> not available
(Font)              Font shape `TS1/phv/b/n' tried instead on input line 2347.
 [43 <./notebooks_Seasonal_cycle_and_heat_capacity_28_0.png>]
<notebooks_Seasonal_cycle_and_heat_capacity_35_0.png, id=620, 1174.3875pt x 347
.2975pt>
File: notebooks_Seasonal_cycle_and_heat_capacity_35_0.png Graphic file (type pn
g)
 <use notebooks_Seasonal_cycle_and_heat_capacity_35_0.png>
Package pdftex.def Info: notebooks_Seasonal_cycle_and_heat_capacity_35_0.png us
ed on input line 2413.
(pdftex.def)             Requested size: 1174.38464pt x 347.29665pt.
File: notebooks_Seasonal_cycle_and_heat_capacity_35_0.png Graphic file (type pn
g)

<use notebooks_Seasonal_cycle_and_heat_capacity_35_0.png>
Package pdftex.def Info: notebooks_Seasonal_cycle_and_heat_capacity_35_0.png us
ed on input line 2413.
(pdftex.def)             Requested size: 452.96788pt x 133.95107pt.

<notebooks_Seasonal_cycle_and_heat_capacity_39_0.png, id=621, 436.63126pt x 288
.07625pt>
File: notebooks_Seasonal_cycle_and_heat_capacity_39_0.png Graphic file (type pn
g)
 <use notebooks_Seasonal_cycle_and_heat_capacity_39_0.png>
Package pdftex.def Info: notebooks_Seasonal_cycle_and_heat_capacity_39_0.png us
ed on input line 2444.
(pdftex.def)             Requested size: 436.63019pt x 288.07553pt.
File: notebooks_Seasonal_cycle_and_heat_capacity_39_0.png Graphic file (type pn
g)

<use notebooks_Seasonal_cycle_and_heat_capacity_39_0.png>
Package pdftex.def Info: notebooks_Seasonal_cycle_and_heat_capacity_39_0.png us
ed on input line 2444.
(pdftex.def)             Requested size: 436.63019pt x 288.07553pt.
 [44 <./notebooks_Seasonal_cycle_and_heat_capacity_35_0.png>] [45 <./notebooks_
Seasonal_cycle_and_heat_capacity_39_0.png>]
<notebooks_Snowball_Earth_in_the_EBM_10_0.png, id=634, 732.7375pt x 328.22626pt
>
File: notebooks_Snowball_Earth_in_the_EBM_10_0.png Graphic file (type png)
 <use notebooks_Snowball_Earth_in_the_EBM_10_0.png>
Package pdftex.def Info: notebooks_Snowball_Earth_in_the_EBM_10_0.png used on i
nput line 2548.
(pdftex.def)             Requested size: 732.73572pt x 328.22545pt.
File: notebooks_Snowball_Earth_in_the_EBM_10_0.png Graphic file (type png)

<use notebooks_Snowball_Earth_in_the_EBM_10_0.png>
Package pdftex.def Info: notebooks_Snowball_Earth_in_the_EBM_10_0.png used on i
nput line 2548.
(pdftex.def)             Requested size: 452.96788pt x 202.90718pt.
 [46]
<notebooks_Snowball_Earth_in_the_EBM_15_0.png, id=639, 375.4025pt x 256.96pt>
File: notebooks_Snowball_Earth_in_the_EBM_15_0.png Graphic file (type png)

<use notebooks_Snowball_Earth_in_the_EBM_15_0.png>
Package pdftex.def Info: notebooks_Snowball_Earth_in_the_EBM_15_0.png used on i
nput line 2596.
(pdftex.def)             Requested size: 375.40158pt x 256.95937pt.
File: notebooks_Snowball_Earth_in_the_EBM_15_0.png Graphic file (type png)

<use notebooks_Snowball_Earth_in_the_EBM_15_0.png>
Package pdftex.def Info: notebooks_Snowball_Earth_in_the_EBM_15_0.png used on i
nput line 2596.
(pdftex.def)             Requested size: 375.40158pt x 256.95937pt.
 [47 <./notebooks_Snowball_Earth_in_the_EBM_10_0.png>]
<notebooks_Snowball_Earth_in_the_EBM_22_0.png, id=646, 375.4025pt x 256.96pt>
File: notebooks_Snowball_Earth_in_the_EBM_22_0.png Graphic file (type png)

<use notebooks_Snowball_Earth_in_the_EBM_22_0.png>
Package pdftex.def Info: notebooks_Snowball_Earth_in_the_EBM_22_0.png used on i
nput line 2642.
(pdftex.def)             Requested size: 375.40158pt x 256.95937pt.
File: notebooks_Snowball_Earth_in_the_EBM_22_0.png Graphic file (type png)

<use notebooks_Snowball_Earth_in_the_EBM_22_0.png>
Package pdftex.def Info: notebooks_Snowball_Earth_in_the_EBM_22_0.png used on i
nput line 2642.
(pdftex.def)             Requested size: 375.40158pt x 256.95937pt.
 [48 <./notebooks_Snowball_Earth_in_the_EBM_15_0.png>] [49 <./notebooks_Snowbal
l_Earth_in_the_EBM_22_0.png>]
<notebooks_Snowball_Earth_in_the_EBM_35_0.png, id=658, 623.32875pt x 406.51875p
t>
File: notebooks_Snowball_Earth_in_the_EBM_35_0.png Graphic file (type png)
 <use notebooks_Snowball_Earth_in_the_EBM_35_0.png>
Package pdftex.def Info: notebooks_Snowball_Earth_in_the_EBM_35_0.png used on i
nput line 2752.
(pdftex.def)             Requested size: 623.32722pt x 406.51775pt.
File: notebooks_Snowball_Earth_in_the_EBM_35_0.png Graphic file (type png)

<use notebooks_Snowball_Earth_in_the_EBM_35_0.png>
Package pdftex.def Info: notebooks_Snowball_Earth_in_the_EBM_35_0.png used on i
nput line 2752.
(pdftex.def)             Requested size: 452.96788pt x 295.41637pt.
 [50] [51 <./notebooks_Snowball_Earth_in_the_EBM_35_0.png>]
<notebooks_Snowball_Earth_in_the_EBM_39_1.png, id=670, 396.48125pt x 272.01625p
t>
File: notebooks_Snowball_Earth_in_the_EBM_39_1.png Graphic file (type png)
 <use notebooks_Snowball_Earth_in_the_EBM_39_1.png>
Package pdftex.def Info: notebooks_Snowball_Earth_in_the_EBM_39_1.png used on i
nput line 2800.
(pdftex.def)             Requested size: 396.48027pt x 272.01558pt.
File: notebooks_Snowball_Earth_in_the_EBM_39_1.png Graphic file (type png)

<use notebooks_Snowball_Earth_in_the_EBM_39_1.png>
Package pdftex.def Info: notebooks_Snowball_Earth_in_the_EBM_39_1.png used on i
nput line 2800.
(pdftex.def)             Requested size: 396.48027pt x 272.01558pt.

<notebooks_Snowball_Earth_in_the_EBM_41_1.png, id=671, 388.45125pt x 272.01625p
t>
File: notebooks_Snowball_Earth_in_the_EBM_41_1.png Graphic file (type png)
 <use notebooks_Snowball_Earth_in_the_EBM_41_1.png>
Package pdftex.def Info: notebooks_Snowball_Earth_in_the_EBM_41_1.png used on i
nput line 2831.
(pdftex.def)             Requested size: 388.45029pt x 272.01558pt.
File: notebooks_Snowball_Earth_in_the_EBM_41_1.png Graphic file (type png)

<use notebooks_Snowball_Earth_in_the_EBM_41_1.png>
Package pdftex.def Info: notebooks_Snowball_Earth_in_the_EBM_41_1.png used on i
nput line 2831.
(pdftex.def)             Requested size: 388.45029pt x 272.01558pt.
 [52 <./notebooks_Snowball_Earth_in_the_EBM_39_1.png>] [53 <./notebooks_Snowbal
l_Earth_in_the_EBM_41_1.png>]
<notebooks_Snowball_Earth_in_the_EBM_47_0.png, id=682, 623.32875pt x 406.51875p
t>
File: notebooks_Snowball_Earth_in_the_EBM_47_0.png Graphic file (type png)
 <use notebooks_Snowball_Earth_in_the_EBM_47_0.png>
Package pdftex.def Info: notebooks_Snowball_Earth_in_the_EBM_47_0.png used on i
nput line 2883.
(pdftex.def)             Requested size: 623.32722pt x 406.51775pt.
File: notebooks_Snowball_Earth_in_the_EBM_47_0.png Graphic file (type png)

<use notebooks_Snowball_Earth_in_the_EBM_47_0.png>
Package pdftex.def Info: notebooks_Snowball_Earth_in_the_EBM_47_0.png used on i
nput line 2883.
(pdftex.def)             Requested size: 452.96788pt x 295.41637pt.
 [54 <./notebooks_Snowball_Earth_in_the_EBM_47_0.png>]
Chapter 6.

<inheritance-ecdec26b4dd4dc2ffb13ee9d91595cd439ae67e7.pdf, id=688, 134.5025pt x
 102.3825pt>
File: inheritance-ecdec26b4dd4dc2ffb13ee9d91595cd439ae67e7.pdf Graphic file (ty
pe pdf)
 <use inheritance-ecdec26b4dd4dc2ffb13ee9d91595cd439ae67e7.pdf>
Package pdftex.def Info: inheritance-ecdec26b4dd4dc2ffb13ee9d91595cd439ae67e7.p
df used on input line 2922.
(pdftex.def)             Requested size: 134.50215pt x 102.38225pt.
File: inheritance-ecdec26b4dd4dc2ffb13ee9d91595cd439ae67e7.pdf Graphic file (ty
pe pdf)

<use inheritance-ecdec26b4dd4dc2ffb13ee9d91595cd439ae67e7.pdf>
Package pdftex.def Info: inheritance-ecdec26b4dd4dc2ffb13ee9d91595cd439ae67e7.p
df used on input line 2922.
(pdftex.def)             Requested size: 134.50215pt x 102.38225pt.

Underfull \hbox (badness 10000) in paragraph at lines 2926--2926
[]\T1/ptm/m/it/10 axis_type='abstract'\T1/ptm/m/n/10 , \T1/ptm/m/it/10 num_poin
ts=10\T1/ptm/m/n/10 , \T1/ptm/m/it/10 points=None\T1/ptm/m/n/10 ,
 []

[55

 <./inheritance-ecdec26b4dd4dc2ffb13ee9d91595cd439ae67e7.pdf>] [56]
<inheritance-370eb7bb9929bc3993457a6ca9fc0b68128e90d7.pdf, id=723, 461.725pt x 
143.53625pt>
File: inheritance-370eb7bb9929bc3993457a6ca9fc0b68128e90d7.pdf Graphic file (ty
pe pdf)
 <use inheritance-370eb7bb9929bc3993457a6ca9fc0b68128e90d7.pdf>
Package pdftex.def Info: inheritance-370eb7bb9929bc3993457a6ca9fc0b68128e90d7.p
df used on input line 3154.
(pdftex.def)             Requested size: 461.72388pt x 143.53589pt.
File: inheritance-370eb7bb9929bc3993457a6ca9fc0b68128e90d7.pdf Graphic file (ty
pe pdf)

<use inheritance-370eb7bb9929bc3993457a6ca9fc0b68128e90d7.pdf>
Package pdftex.def Info: inheritance-370eb7bb9929bc3993457a6ca9fc0b68128e90d7.p
df used on input line 3154.
(pdftex.def)             Requested size: 452.96788pt x 140.81348pt.
 [57 <./inheritance-370eb7bb9929bc3993457a6ca9fc0b68128e90d7.pdf>]
Underfull \hbox (badness 10000) in paragraph at lines 3279--3279
[]\T1/ptm/m/it/10 axes=<climlab.domain.axis.Axis ob-ject>\T1/ptm/m/n/10 ,
 []

[58]
Underfull \hbox (badness 10000) in paragraph at lines 3312--3312
[]\T1/ptm/m/it/10 axes=<climlab.domain.axis.Axis ob-ject>\T1/ptm/m/n/10 ,
 []

[59] [60]
Underfull \hbox (badness 10000) in paragraph at lines 3585--3585
[]\T1/ptm/m/it/10 num_lev=30\T1/ptm/m/n/10 , \T1/ptm/m/it/10 wa-ter_depth=1.0\T
1/ptm/m/n/10 , \T1/ptm/m/it/10 lev=None\T1/ptm/m/n/10 ,
 []

[61] [62]
<inheritance-9225d93949bc5965881cf6ea2a8da4734f3c8f65.pdf, id=837, 242.9075pt x
 102.3825pt>
File: inheritance-9225d93949bc5965881cf6ea2a8da4734f3c8f65.pdf Graphic file (ty
pe pdf)
 <use inheritance-9225d93949bc5965881cf6ea2a8da4734f3c8f65.pdf>
Package pdftex.def Info: inheritance-9225d93949bc5965881cf6ea2a8da4734f3c8f65.p
df used on input line 3750.
(pdftex.def)             Requested size: 242.90689pt x 102.38225pt.
File: inheritance-9225d93949bc5965881cf6ea2a8da4734f3c8f65.pdf Graphic file (ty
pe pdf)

<use inheritance-9225d93949bc5965881cf6ea2a8da4734f3c8f65.pdf>
Package pdftex.def Info: inheritance-9225d93949bc5965881cf6ea2a8da4734f3c8f65.p
df used on input line 3750.
(pdftex.def)             Requested size: 242.90689pt x 102.38225pt.
 [63 <./inheritance-9225d93949bc5965881cf6ea2a8da4734f3c8f65.pdf>] [64] [65]
<inheritance-598e25126bb3e29c3e0d23aa40ddae14047c92c2.pdf, id=890, 686.565pt x 
102.3825pt>
File: inheritance-598e25126bb3e29c3e0d23aa40ddae14047c92c2.pdf Graphic file (ty
pe pdf)
 <use inheritance-598e25126bb3e29c3e0d23aa40ddae14047c92c2.pdf>
Package pdftex.def Info: inheritance-598e25126bb3e29c3e0d23aa40ddae14047c92c2.p
df used on input line 4029.
(pdftex.def)             Requested size: 686.56332pt x 102.38225pt.
File: inheritance-598e25126bb3e29c3e0d23aa40ddae14047c92c2.pdf Graphic file (ty
pe pdf)

<use inheritance-598e25126bb3e29c3e0d23aa40ddae14047c92c2.pdf>
Package pdftex.def Info: inheritance-598e25126bb3e29c3e0d23aa40ddae14047c92c2.p
df used on input line 4029.
(pdftex.def)             Requested size: 452.96788pt x 67.54765pt.
 [66 <./inheritance-598e25126bb3e29c3e0d23aa40ddae14047c92c2.pdf>]
<example_budyko_transport.pdf, id=912, 578.16pt x 433.62pt>
File: example_budyko_transport.pdf Graphic file (type pdf)

<use example_budyko_transport.pdf>
Package pdftex.def Info: example_budyko_transport.pdf used on input line 4116.
(pdftex.def)             Requested size: 578.15858pt x 433.61894pt.
File: example_budyko_transport.pdf Graphic file (type pdf)
 <use example_budyko_transport.pdf>
Package pdftex.def Info: example_budyko_transport.pdf used on input line 4116.
(pdftex.def)             Requested size: 365.26788pt x 273.94955pt.
 [67 <./example_budyko_transport.pdf>]
<inheritance-804892074707de77374c9484dbf91ce4dddd70eb.pdf, id=957, 819.06pt x 1
02.3825pt>
File: inheritance-804892074707de77374c9484dbf91ce4dddd70eb.pdf Graphic file (ty
pe pdf)
 <use inheritance-804892074707de77374c9484dbf91ce4dddd70eb.pdf>
Package pdftex.def Info: inheritance-804892074707de77374c9484dbf91ce4dddd70eb.p
df used on input line 4146.
(pdftex.def)             Requested size: 819.058pt x 102.38225pt.
File: inheritance-804892074707de77374c9484dbf91ce4dddd70eb.pdf Graphic file (ty
pe pdf)

<use inheritance-804892074707de77374c9484dbf91ce4dddd70eb.pdf>
Package pdftex.def Info: inheritance-804892074707de77374c9484dbf91ce4dddd70eb.p
df used on input line 4146.
(pdftex.def)             Requested size: 452.96788pt x 56.62143pt.

Underfull \hbox (badness 10000) in paragraph at lines 4150--4150
[]\T1/ptm/m/it/10 K=None\T1/ptm/m/n/10 , \T1/ptm/m/it/10 dif-fu-sion_axis=None\
T1/ptm/m/n/10 ,
 []


Underfull \hbox (badness 10000) in paragraph at lines 4174--4177
[]\T1/pcr/b/n/10 use_banded_solver \T1/ptm/m/n/10 ([][]\T1/ptm/m/it/10 bool[][]
\T1/ptm/m/n/10 ) -- in-put flag, whether to use
 []


Underfull \hbox (badness 10000) in paragraph at lines 4182--4185
\T1/ptm/b/n/10 Note:  \T1/ptm/m/n/10 The banded solver [][]\T1/pcr/m/n/10 scipy
.linalg.solve_banded()[][] \T1/ptm/m/n/10 is faster than
 []


Underfull \hbox (badness 10000) in paragraph at lines 4218--4221
[]\T1/pcr/b/n/10 diffTriDiag \T1/ptm/m/n/10 ([][]\T1/ptm/m/it/10 ar-ray[][]\T1/
ptm/m/n/10 ) -- tridi-ag-o-nal dif-fu-sion ma-trix made by
 []

[68 <./inheritance-804892074707de77374c9484dbf91ce4dddd70eb.pdf>]
<example_diffusion.pdf, id=999, 578.16pt x 433.62pt>
File: example_diffusion.pdf Graphic file (type pdf)

<use example_diffusion.pdf>
Package pdftex.def Info: example_diffusion.pdf used on input line 4259.
(pdftex.def)             Requested size: 578.15858pt x 433.61894pt.
File: example_diffusion.pdf Graphic file (type pdf)
 <use example_diffusion.pdf>
Package pdftex.def Info: example_diffusion.pdf used on input line 4259.
(pdftex.def)             Requested size: 331.26791pt x 248.44957pt.
 [69 <./example_diffusion.pdf>]
Underfull \hbox (badness 8056) in paragraph at lines 4287--4291
[]\T1/ptm/m/n/10 This method cal-cu-lates the ma-trix in-ver-sion for ev-ery st
ate vari-able and call-ing ei-
 []


Underfull \hbox (badness 10000) in paragraph at lines 4298--4302
[]\T1/pcr/b/n/10 use_banded_solver \T1/ptm/m/n/10 ([][]\T1/ptm/m/it/10 bool[][]
\T1/ptm/m/n/10 ) -- in-put flag whether to use
 []


Underfull \hbox (badness 6157) in paragraph at lines 4298--4302
[][]\T1/pcr/m/sl/10 _solve_implicit_banded()[][] \T1/ptm/m/n/10 (page 73[]) or 
[][]\T1/pcr/m/n/10 numpy.linalg.solve()[][]
 []


Underfull \hbox (badness 10000) in paragraph at lines 4350--4353
[]\T1/ptm/m/n/10 Additional to the par-ent class [][]\T1/pcr/m/sl/10 Diffusion[
][] \T1/ptm/m/n/10 (page 68[]) which is ini-tial-ized with
 []

[70] <example_meridional_diffusion.pdf, id=1066, 578.16pt x 433.62pt>
File: example_meridional_diffusion.pdf Graphic file (type pdf)

<use example_meridional_diffusion.pdf>
Package pdftex.def Info: example_meridional_diffusion.pdf used on input line 44
11.
(pdftex.def)             Requested size: 578.15858pt x 433.61894pt.
File: example_meridional_diffusion.pdf Graphic file (type pdf)
 <use example_meridional_diffusion.pdf>
Package pdftex.def Info: example_meridional_diffusion.pdf used on input line 44
11.
(pdftex.def)             Requested size: 365.26788pt x 273.94955pt.

[71 <./example_meridional_diffusion.pdf>]
Underfull \hbox (badness 10000) in paragraph at lines 4448--4448
[]\T1/ptm/m/it/10 K\T1/ptm/m/n/10 , \T1/ptm/m/it/10 weight1=None\T1/ptm/m/n/10 
,
 []


Overfull \hbox (118.51181pt too wide) in paragraph at lines 4498--4498
[] 
 []

[72]
Overfull \hbox (199.48393pt too wide) in paragraph at lines 4555--4555
[] 
 []


<inheritance-6f4ff43846d3dd82bca0c822ba5c6598e2c24b73.pdf, id=1131, 895.345pt x
 102.3825pt>
File: inheritance-6f4ff43846d3dd82bca0c822ba5c6598e2c24b73.pdf Graphic file (ty
pe pdf)
 <use inheritance-6f4ff43846d3dd82bca0c822ba5c6598e2c24b73.pdf>
Package pdftex.def Info: inheritance-6f4ff43846d3dd82bca0c822ba5c6598e2c24b73.p
df used on input line 4594.
(pdftex.def)             Requested size: 895.34282pt x 102.38225pt.
File: inheritance-6f4ff43846d3dd82bca0c822ba5c6598e2c24b73.pdf Graphic file (ty
pe pdf)

<use inheritance-6f4ff43846d3dd82bca0c822ba5c6598e2c24b73.pdf>
Package pdftex.def Info: inheritance-6f4ff43846d3dd82bca0c822ba5c6598e2c24b73.p
df used on input line 4594.
(pdftex.def)             Requested size: 452.96788pt x 51.79726pt.

Underfull \hbox (badness 10000) in paragraph at lines 4598--4598
[]\T1/ptm/m/it/10 num_lat=90\T1/ptm/m/n/10 , \T1/ptm/m/it/10 S0=1365.2\T1/ptm/m
/n/10 , \T1/ptm/m/it/10 A=210.0\T1/ptm/m/n/10 , \T1/ptm/m/it/10 B=2.0\T1/ptm/m/
n/10 , \T1/ptm/m/it/10 D=0.555\T1/ptm/m/n/10 , \T1/ptm/m/it/10 wa-
 []


Underfull \hbox (badness 10000) in paragraph at lines 4598--4598
\T1/ptm/m/it/10 ter_depth=10.0\T1/ptm/m/n/10 , \T1/ptm/m/it/10 Tf=-10.0\T1/ptm/
m/n/10 , \T1/ptm/m/it/10 a0=0.3\T1/ptm/m/n/10 , \T1/ptm/m/it/10 a2=0.078\T1/ptm
/m/n/10 , \T1/ptm/m/it/10 ai=0.62\T1/ptm/m/n/10 ,
 []

[73 <./inheritance-6f4ff43846d3dd82bca0c822ba5c6598e2c24b73.pdf>]
Underfull \hbox (badness 10000) in paragraph at lines 4683--4686
[]\T1/pcr/b/n/10 D \T1/ptm/m/n/10 ([][]\T1/ptm/m/it/10 float[][]\T1/ptm/m/n/10 
) -- dif-fu-sion pa-ram-e-ter for Merid-ional En-ergy Dif-fu-sion
 []


Underfull \hbox (badness 10000) in paragraph at lines 4724--4727
[]\T1/pcr/b/n/10 a0 \T1/ptm/m/n/10 ([][]\T1/ptm/m/it/10 float[][]\T1/ptm/m/n/10
 ) -- base value for plan-e-tary albedo pa-ram-e-ter-i-za-tion
 []


Underfull \hbox (badness 10000) in paragraph at lines 4738--4741
[]\T1/pcr/b/n/10 a2 \T1/ptm/m/n/10 ([][]\T1/ptm/m/it/10 float[][]\T1/ptm/m/n/10
 ) -- parabolic value for plan-e-tary albedo pa-ram-e-ter-i-za-tion
 []

[74]
Underfull \hbox (badness 10000) in paragraph at lines 4845--4849
[]\T1/pcr/b/n/10 diagnostics \T1/ptm/m/n/10 ([][]\T1/ptm/m/it/10 dict[][]\T1/pt
m/m/n/10 ) -- is ini-tial-ized with keys: \T1/pcr/m/n/10 'OLR'\T1/ptm/m/n/10 , 
\T1/pcr/m/n/10 'ASR'\T1/ptm/m/n/10 ,
 []

[75] <example_EBM_heat_transport.pdf, id=1203, 578.16pt x 433.62pt>
File: example_EBM_heat_transport.pdf Graphic file (type pdf)

<use example_EBM_heat_transport.pdf>
Package pdftex.def Info: example_EBM_heat_transport.pdf used on input line 4941
.
(pdftex.def)             Requested size: 578.15858pt x 433.61894pt.
File: example_EBM_heat_transport.pdf Graphic file (type pdf)
 <use example_EBM_heat_transport.pdf>
Package pdftex.def Info: example_EBM_heat_transport.pdf used on input line 4941
.
(pdftex.def)             Requested size: 351.56793pt x 263.67413pt.

[76 <./example_EBM_heat_transport.pdf>]
<example_EBM_heat_transport_convergence.pdf, id=1243, 578.16pt x 433.62pt>
File: example_EBM_heat_transport_convergence.pdf Graphic file (type pdf)

<use example_EBM_heat_transport_convergence.pdf>
Package pdftex.def Info: example_EBM_heat_transport_convergence.pdf used on inp
ut line 4983.
(pdftex.def)             Requested size: 578.15858pt x 433.61894pt.
File: example_EBM_heat_transport_convergence.pdf Graphic file (type pdf)

<use example_EBM_heat_transport_convergence.pdf>
Package pdftex.def Info: example_EBM_heat_transport_convergence.pdf used on inp
ut line 4983.
(pdftex.def)             Requested size: 351.56793pt x 263.67413pt.
 [77 <./example_EBM_heat_transport_convergence.pdf>]
<example_EBM_inferred_heat_transport.pdf, id=1288, 578.16pt x 433.62pt>
File: example_EBM_inferred_heat_transport.pdf Graphic file (type pdf)

<use example_EBM_inferred_heat_transport.pdf>
Package pdftex.def Info: example_EBM_inferred_heat_transport.pdf used on input 
line 5031.
(pdftex.def)             Requested size: 578.15858pt x 433.61894pt.
File: example_EBM_inferred_heat_transport.pdf Graphic file (type pdf)

<use example_EBM_inferred_heat_transport.pdf>
Package pdftex.def Info: example_EBM_inferred_heat_transport.pdf used on input 
line 5031.
(pdftex.def)             Requested size: 351.56793pt x 263.67413pt.

Underfull \hbox (badness 10000) in paragraph at lines 5064--5067
[][][]\T1/pcr/b/n/10 subprocess[][] \T1/ptm/m/n/10 ([][]\T1/ptm/m/it/10 dict[][
]\T1/ptm/m/n/10 ) -- supro-cess \T1/pcr/m/n/10 'insolation' \T1/ptm/m/n/10 is o
ver-writ-ten by
 []

[78 <./example_EBM_inferred_heat_transport.pdf>]
Underfull \hbox (badness 10000) in paragraph at lines 5118--5121
[]\T1/pcr/b/n/10 a0 \T1/ptm/m/n/10 ([][]\T1/ptm/m/it/10 float[][]\T1/ptm/m/n/10
 ) -- base value for plan-e-tary albedo pa-ram-e-ter-i-za-tion
 []


Underfull \hbox (badness 10000) in paragraph at lines 5129--5132
[]\T1/pcr/b/n/10 a2 \T1/ptm/m/n/10 ([][]\T1/ptm/m/it/10 float[][]\T1/ptm/m/n/10
 ) -- parabolic value for plan-e-tary albedo pa-ram-e-ter-i-za-tion
 []


Underfull \hbox (badness 10000) in paragraph at lines 5164--5166
[][][]\T1/pcr/b/n/10 subprocess[][] \T1/ptm/m/n/10 ([][]\T1/ptm/m/it/10 dict[][
]\T1/ptm/m/n/10 ) -- supro-cess \T1/pcr/m/n/10 'insolation' \T1/ptm/m/n/10 is o
ver-writ-ten by
 []


Underfull \hbox (badness 10000) in paragraph at lines 5195--5199
[][][]\T1/pcr/b/n/10 subprocess[][] \T1/ptm/m/n/10 ([][]\T1/ptm/m/it/10 dict[][
]\T1/ptm/m/n/10 ) -- supro-cess \T1/pcr/m/n/10 'albedo' \T1/ptm/m/n/10 is over-
writ-ten by
 []

[79] <example_EBM_seasonal.pdf, id=1368, 578.16pt x 433.62pt>
File: example_EBM_seasonal.pdf Graphic file (type pdf)

<use example_EBM_seasonal.pdf>
Package pdftex.def Info: example_EBM_seasonal.pdf used on input line 5235.
(pdftex.def)             Requested size: 578.15858pt x 433.61894pt.
File: example_EBM_seasonal.pdf Graphic file (type pdf)
 <use example_EBM_seasonal.pdf>
Package pdftex.def Info: example_EBM_seasonal.pdf used on input line 5235.
(pdftex.def)             Requested size: 365.26788pt x 273.94955pt.

<inheritance-1888e33f5a851ed75afcf967b0ab7f3cd6fbbc2c.pdf, id=1369, 540.0175pt 
x 102.3825pt>
File: inheritance-1888e33f5a851ed75afcf967b0ab7f3cd6fbbc2c.pdf Graphic file (ty
pe pdf)
 <use inheritance-1888e33f5a851ed75afcf967b0ab7f3cd6fbbc2c.pdf>
Package pdftex.def Info: inheritance-1888e33f5a851ed75afcf967b0ab7f3cd6fbbc2c.p
df used on input line 5248.
(pdftex.def)             Requested size: 540.01617pt x 102.38225pt.
File: inheritance-1888e33f5a851ed75afcf967b0ab7f3cd6fbbc2c.pdf Graphic file (ty
pe pdf)

<use inheritance-1888e33f5a851ed75afcf967b0ab7f3cd6fbbc2c.pdf>
Package pdftex.def Info: inheritance-1888e33f5a851ed75afcf967b0ab7f3cd6fbbc2c.p
df used on input line 5248.
(pdftex.def)             Requested size: 452.96788pt x 85.88042pt.
 [80 <./example_EBM_seasonal.pdf>]
<inheritance-98fc96005ebee865666017a7ff9a04cb383ee609.pdf, id=1414, 724.7075pt 
x 102.3825pt>
File: inheritance-98fc96005ebee865666017a7ff9a04cb383ee609.pdf Graphic file (ty
pe pdf)
 <use inheritance-98fc96005ebee865666017a7ff9a04cb383ee609.pdf>
Package pdftex.def Info: inheritance-98fc96005ebee865666017a7ff9a04cb383ee609.p
df used on input line 5271.
(pdftex.def)             Requested size: 724.70573pt x 102.38225pt.
File: inheritance-98fc96005ebee865666017a7ff9a04cb383ee609.pdf Graphic file (ty
pe pdf)

<use inheritance-98fc96005ebee865666017a7ff9a04cb383ee609.pdf>
Package pdftex.def Info: inheritance-98fc96005ebee865666017a7ff9a04cb383ee609.p
df used on input line 5271.
(pdftex.def)             Requested size: 452.96788pt x 63.99359pt.
 [81 <./inheritance-1888e33f5a851ed75afcf967b0ab7f3cd6fbbc2c.pdf> <./inheritanc
e-98fc96005ebee865666017a7ff9a04cb383ee609.pdf

pdfTeX warning: pdflatex (file ./inheritance-98fc96005ebee865666017a7ff9a04cb38
3ee609.pdf): PDF inclusion: multiple pdfs with page group included in a single 
page
>]
<inheritance-0ec5e793f32d044b3bed47f7343a17291cc60065.pdf, id=1447, 517.935pt x
 102.3825pt>
File: inheritance-0ec5e793f32d044b3bed47f7343a17291cc60065.pdf Graphic file (ty
pe pdf)
 <use inheritance-0ec5e793f32d044b3bed47f7343a17291cc60065.pdf>
Package pdftex.def Info: inheritance-0ec5e793f32d044b3bed47f7343a17291cc60065.p
df used on input line 5401.
(pdftex.def)             Requested size: 517.93372pt x 102.38225pt.
File: inheritance-0ec5e793f32d044b3bed47f7343a17291cc60065.pdf Graphic file (ty
pe pdf)

<use inheritance-0ec5e793f32d044b3bed47f7343a17291cc60065.pdf>
Package pdftex.def Info: inheritance-0ec5e793f32d044b3bed47f7343a17291cc60065.p
df used on input line 5401.
(pdftex.def)             Requested size: 452.96788pt x 89.54384pt.
 [82]
<inheritance-8eb24c41e1d3c85885c11e2e65fb208089ce0aa8.pdf, id=1458, 148.555pt x
 102.3825pt>
File: inheritance-8eb24c41e1d3c85885c11e2e65fb208089ce0aa8.pdf Graphic file (ty
pe pdf)
 <use inheritance-8eb24c41e1d3c85885c11e2e65fb208089ce0aa8.pdf>
Package pdftex.def Info: inheritance-8eb24c41e1d3c85885c11e2e65fb208089ce0aa8.p
df used on input line 5461.
(pdftex.def)             Requested size: 148.55463pt x 102.38225pt.
File: inheritance-8eb24c41e1d3c85885c11e2e65fb208089ce0aa8.pdf Graphic file (ty
pe pdf)

<use inheritance-8eb24c41e1d3c85885c11e2e65fb208089ce0aa8.pdf>
Package pdftex.def Info: inheritance-8eb24c41e1d3c85885c11e2e65fb208089ce0aa8.p
df used on input line 5461.
(pdftex.def)             Requested size: 148.55463pt x 102.38225pt.

Underfull \hbox (badness 10000) in paragraph at lines 5465--5465
[]\T1/ptm/m/it/10 state=None\T1/ptm/m/n/10 , \T1/ptm/m/it/10 do-mains=None\T1/p
tm/m/n/10 , \T1/ptm/m/it/10 sub-pro-cess=None\T1/ptm/m/n/10 ,
 []


Underfull \hbox (badness 10000) in paragraph at lines 5465--5465
\T1/ptm/m/it/10 lat=None\T1/ptm/m/n/10 , \T1/ptm/m/it/10 lev=None\T1/ptm/m/n/10
 , \T1/ptm/m/it/10 num_lat=None\T1/ptm/m/n/10 ,
 []

[83 <./inheritance-0ec5e793f32d044b3bed47f7343a17291cc60065.pdf> <./inheritance
-8eb24c41e1d3c85885c11e2e65fb208089ce0aa8.pdf

pdfTeX warning: pdflatex (file ./inheritance-8eb24c41e1d3c85885c11e2e65fb208089
ce0aa8.pdf): PDF inclusion: multiple pdfs with page group included in a single 
page
>] [84] [85] [86]
LaTeX Font Info:    Font shape `TS1/pcr/m/it' in size <9> not available
(Font)              Font shape `TS1/pcr/m/sl' tried instead on input line 5908.

 [87] [88]
<inheritance-4aacab269f029f3f3453e58b89ba9679db78b256.pdf, id=1558, 363.3575pt 
x 102.3825pt>
File: inheritance-4aacab269f029f3f3453e58b89ba9679db78b256.pdf Graphic file (ty
pe pdf)
 <use inheritance-4aacab269f029f3f3453e58b89ba9679db78b256.pdf>
Package pdftex.def Info: inheritance-4aacab269f029f3f3453e58b89ba9679db78b256.p
df used on input line 6097.
(pdftex.def)             Requested size: 363.3566pt x 102.38225pt.
File: inheritance-4aacab269f029f3f3453e58b89ba9679db78b256.pdf Graphic file (ty
pe pdf)

<use inheritance-4aacab269f029f3f3453e58b89ba9679db78b256.pdf>
Package pdftex.def Info: inheritance-4aacab269f029f3f3453e58b89ba9679db78b256.p
df used on input line 6097.
(pdftex.def)             Requested size: 363.3566pt x 102.38225pt.

Overfull \hbox (38.5606pt too wide) in paragraph at lines 6101--6101
[]\T1/ptm/m/it/10 time_type='explicit'\T1/ptm/m/n/10 ,
 []


Overfull \hbox (18.22105pt too wide) in paragraph at lines 6101--6101
\T1/ptm/m/it/10 timestep=None\T1/ptm/m/n/10 ,
 []


Underfull \hbox (badness 10000) in paragraph at lines 6101--6101
\T1/ptm/m/it/10 top-
 []


Overfull \hbox (3.79153pt too wide) in paragraph at lines 6101--6101
\T1/ptm/m/it/10 down=True\T1/ptm/m/n/10 ,
 []


Underfull \hbox (badness 10000) in paragraph at lines 6139--6144
[]\T1/pcr/b/n/10 has_process_type_list \T1/ptm/m/n/10 ([][]\T1/ptm/m/it/10 bool
[][]\T1/ptm/m/n/10 ) -- in-for-ma-tion whether at-tribute \T1/ptm/m/it/10 pro-
 []


Underfull \hbox (badness 10000) in paragraph at lines 6139--6144
\T1/ptm/m/it/10 cess_types \T1/ptm/m/n/10 (which is needed for [][]\T1/pcr/m/sl
/10 compute()[][] \T1/ptm/m/n/10 (page 90[]) and build in
 []

[89 <./inheritance-4aacab269f029f3f3453e58b89ba9679db78b256.pdf>]
Underfull \hbox (badness 6675) in paragraph at lines 6167--6169
[]\T1/ptm/m/n/10 The dic-tio-nary con-tains
 []


Underfull \hbox (badness 10000) in paragraph at lines 6176--6177
[]\T1/pcr/m/n/10 'num_steps_per_year'\T1/ptm/m/n/10 : see [][]\T1/pcr/m/sl/10 s
et_timestep()[][] \T1/ptm/m/n/10 (page 92[]) and
 []

[90] [91]
<inheritance-02be59372c5ce161a2b728197b304d7b4804f2e1.pdf, id=1622, 662.475pt x
 143.53625pt>
File: inheritance-02be59372c5ce161a2b728197b304d7b4804f2e1.pdf Graphic file (ty
pe pdf)
 <use inheritance-02be59372c5ce161a2b728197b304d7b4804f2e1.pdf>
Package pdftex.def Info: inheritance-02be59372c5ce161a2b728197b304d7b4804f2e1.p
df used on input line 6463.
(pdftex.def)             Requested size: 662.47339pt x 143.53589pt.
File: inheritance-02be59372c5ce161a2b728197b304d7b4804f2e1.pdf Graphic file (ty
pe pdf)

<use inheritance-02be59372c5ce161a2b728197b304d7b4804f2e1.pdf>
Package pdftex.def Info: inheritance-02be59372c5ce161a2b728197b304d7b4804f2e1.p
df used on input line 6463.
(pdftex.def)             Requested size: 452.96788pt x 98.14214pt.
 [92] [93 <./inheritance-02be59372c5ce161a2b728197b304d7b4804f2e1.pdf>] [94]
Underfull \hbox (badness 10000) in paragraph at lines 6713--6717
\T1/ptm/m/n/10 is ini-tial-ized through call-ing \T1/pcr/m/n/10 self.init_diagn
ostic('OLR', 0. *
 []

[95]
<inheritance-658ce4f2d58cd543b03b338809a90b211995f932.pdf, id=1680, 644.4075pt 
x 102.3825pt>
File: inheritance-658ce4f2d58cd543b03b338809a90b211995f932.pdf Graphic file (ty
pe pdf)
 <use inheritance-658ce4f2d58cd543b03b338809a90b211995f932.pdf>
Package pdftex.def Info: inheritance-658ce4f2d58cd543b03b338809a90b211995f932.p
df used on input line 6812.
(pdftex.def)             Requested size: 644.40593pt x 102.38225pt.
File: inheritance-658ce4f2d58cd543b03b338809a90b211995f932.pdf Graphic file (ty
pe pdf)

<use inheritance-658ce4f2d58cd543b03b338809a90b211995f932.pdf>
Package pdftex.def Info: inheritance-658ce4f2d58cd543b03b338809a90b211995f932.p
df used on input line 6812.
(pdftex.def)             Requested size: 452.96788pt x 71.96877pt.
 [96 <./inheritance-658ce4f2d58cd543b03b338809a90b211995f932.pdf>]
Underfull \hbox (badness 10000) in paragraph at lines 6898--6902
\T1/ptm/m/n/10 is ini-tial-ized through call-ing \T1/pcr/m/n/10 self.init_diagn
ostic('OLR', 0. *
 []

[97]
<inheritance-2fabe0d6f5c260b023f1582e871aa6d6b64a2ba8.pdf, id=1714, 1031.855pt 
x 185.69376pt>
File: inheritance-2fabe0d6f5c260b023f1582e871aa6d6b64a2ba8.pdf Graphic file (ty
pe pdf)
 <use inheritance-2fabe0d6f5c260b023f1582e871aa6d6b64a2ba8.pdf>
Package pdftex.def Info: inheritance-2fabe0d6f5c260b023f1582e871aa6d6b64a2ba8.p
df used on input line 7024.
(pdftex.def)             Requested size: 1031.85248pt x 185.6933pt.
File: inheritance-2fabe0d6f5c260b023f1582e871aa6d6b64a2ba8.pdf Graphic file (ty
pe pdf)

<use inheritance-2fabe0d6f5c260b023f1582e871aa6d6b64a2ba8.pdf>
Package pdftex.def Info: inheritance-2fabe0d6f5c260b023f1582e871aa6d6b64a2ba8.p
df used on input line 7024.
(pdftex.def)             Requested size: 452.96788pt x 81.51566pt.

Underfull \hbox (badness 10000) in paragraph at lines 7028--7028
[]\T1/ptm/m/it/10 S0=1365.2\T1/ptm/m/n/10 ,
 []


Underfull \hbox (badness 10000) in paragraph at lines 7028--7028
\T1/ptm/m/it/10 orb={`long_peri':
 []


Underfull \hbox (badness 10000) in paragraph at lines 7028--7028
\T1/ptm/m/it/10 `obliq-uity': 23.446}\T1/ptm/m/n/10 ,
 []

[98]
Underfull \hbox (badness 6428) in paragraph at lines 7062--7065
[]\T1/pcr/b/n/10 orb \T1/ptm/m/n/10 ([][]\T1/ptm/m/it/10 dict[][]\T1/ptm/m/n/10
 ) -- a dic-tio-nary with three or-bital pa-ram-e-ters (as pro-vided by
 []


Underfull \hbox (badness 10000) in paragraph at lines 7122--7125
[]\T1/ptm/m/n/10 Create reg-u-lar EBM and re-place stan-dard in-so-la-tion sub-
pro-cess by
 []

[99 <./inheritance-2fabe0d6f5c260b023f1582e871aa6d6b64a2ba8.pdf>] [100]
Underfull \hbox (badness 10000) in paragraph at lines 7228--7228
[]\T1/ptm/m/it/10 S0=1365.2\T1/ptm/m/n/10 , \T1/ptm/m/it/10 orb={`long_peri':
 []


Underfull \hbox (badness 10000) in paragraph at lines 7317--7320
[]\T1/ptm/m/n/10 Create reg-u-lar EBM and re-place stan-dard in-so-la-tion sub-
pro-cess by
 []

[101] [102] [103] [104] [105]
Underfull \hbox (badness 5622) in paragraph at lines 7761--7764
[]\T1/ptm/m/n/10 Orbital ar-gu-ments should all have the same sizes. This is au
-to-matic if com-puted from
 []


Underfull \hbox (badness 10000) in paragraph at lines 7796--7796
[]\T1/ptm/m/it/10 day\T1/ptm/m/n/10 , \T1/ptm/m/it/10 orb={`long_peri': 281.37\
T1/ptm/m/n/10 ,
 []


Underfull \hbox (badness 5741) in paragraph at lines 7796--7796
\T1/ptm/m/it/10 `ecc': 0.017236\T1/ptm/m/n/10 , \T1/ptm/m/it/10 `obliq-uity': 2
3.446}\T1/ptm/m/n/10 ,
 []

[106]
<inheritance-a4659f72efbfa1da05c43c93e29674e4f4358872.pdf, id=1835, 351.3125pt 
x 102.3825pt>
File: inheritance-a4659f72efbfa1da05c43c93e29674e4f4358872.pdf Graphic file (ty
pe pdf)
 <use inheritance-a4659f72efbfa1da05c43c93e29674e4f4358872.pdf>
Package pdftex.def Info: inheritance-a4659f72efbfa1da05c43c93e29674e4f4358872.p
df used on input line 7875.
(pdftex.def)             Requested size: 351.31163pt x 102.38225pt.
File: inheritance-a4659f72efbfa1da05c43c93e29674e4f4358872.pdf Graphic file (ty
pe pdf)

<use inheritance-a4659f72efbfa1da05c43c93e29674e4f4358872.pdf>
Package pdftex.def Info: inheritance-a4659f72efbfa1da05c43c93e29674e4f4358872.p
df used on input line 7875.
(pdftex.def)             Requested size: 351.31163pt x 102.38225pt.

Underfull \hbox (badness 10000) in paragraph at lines 7885--7889
[]\T1/ptm/m/n/10 Data will be read from the file or-bit91, which was orig-i-nal
ly ob-tained from
 []


Overfull \hbox (56.07722pt too wide) in paragraph at lines 7901--7903
[][][]\T1/ptm/m/n/10 http://vo.imcce.fr/insola/earth/online/earth/La2004/README
.TXT[][] 
 []

[107 <./inheritance-a4659f72efbfa1da05c43c93e29674e4f4358872.pdf>]
<inheritance-d20a99af4787ada459f19081acae8208cc46265a.pdf, id=1879, 188.705pt x
 102.3825pt>
File: inheritance-d20a99af4787ada459f19081acae8208cc46265a.pdf Graphic file (ty
pe pdf)
 <use inheritance-d20a99af4787ada459f19081acae8208cc46265a.pdf>
Package pdftex.def Info: inheritance-d20a99af4787ada459f19081acae8208cc46265a.p
df used on input line 7996.
(pdftex.def)             Requested size: 188.70453pt x 102.38225pt.
File: inheritance-d20a99af4787ada459f19081acae8208cc46265a.pdf Graphic file (ty
pe pdf)

<use inheritance-d20a99af4787ada459f19081acae8208cc46265a.pdf>
Package pdftex.def Info: inheritance-d20a99af4787ada459f19081acae8208cc46265a.p
df used on input line 7996.
(pdftex.def)             Requested size: 188.70453pt x 102.38225pt.

Underfull \hbox (badness 10000) in paragraph at lines 8000--8000
[]\T1/ptm/m/it/10 model\T1/ptm/m/n/10 , \T1/ptm/m/it/10 kyear_start=-
 []


Underfull \hbox (badness 10000) in paragraph at lines 8000--8000
\T1/ptm/m/it/10 20.0\T1/ptm/m/n/10 , \T1/ptm/m/it/10 kyear_stop=0.0\T1/ptm/m/n/
10 , \T1/ptm/m/it/10 seg-
 []


Underfull \hbox (badness 10000) in paragraph at lines 8000--8000
\T1/ptm/m/it/10 ment_length_years=100.0\T1/ptm/m/n/10 , \T1/ptm/m/it/10 or-
 []


Underfull \hbox (badness 10000) in paragraph at lines 8000--8000
\T1/ptm/m/it/10 bital_year_factor=1.0\T1/ptm/m/n/10 , \T1/ptm/m/it/10 ver-
 []

[108 <./inheritance-d20a99af4787ada459f19081acae8208cc46265a.pdf>] [109]
<inheritance-742cd8325d5c78229cd3bff3a540d679a72c377c.pdf, id=1918, 730.73pt x 
225.84375pt>
File: inheritance-742cd8325d5c78229cd3bff3a540d679a72c377c.pdf Graphic file (ty
pe pdf)
 <use inheritance-742cd8325d5c78229cd3bff3a540d679a72c377c.pdf>
Package pdftex.def Info: inheritance-742cd8325d5c78229cd3bff3a540d679a72c377c.p
df used on input line 8174.
(pdftex.def)             Requested size: 730.72821pt x 225.84319pt.
File: inheritance-742cd8325d5c78229cd3bff3a540d679a72c377c.pdf Graphic file (ty
pe pdf)

<use inheritance-742cd8325d5c78229cd3bff3a540d679a72c377c.pdf>
Package pdftex.def Info: inheritance-742cd8325d5c78229cd3bff3a540d679a72c377c.p
df used on input line 8174.
(pdftex.def)             Requested size: 452.96788pt x 139.99754pt.

Underfull \hbox (badness 10000) in paragraph at lines 8236--8239
[]\T1/ptm/m/n/10 Returns the albedo value which is stored in di-ag-nos-tic dict

 []

[110 <./inheritance-742cd8325d5c78229cd3bff3a540d679a72c377c.pdf>] [111]
[112] [113]
<inheritance-bef65cee25121f0f467c31bf205dd368e8cec68f.pdf, id=1995, 347.2975pt 
x 143.53625pt>
File: inheritance-bef65cee25121f0f467c31bf205dd368e8cec68f.pdf Graphic file (ty
pe pdf)
 <use inheritance-bef65cee25121f0f467c31bf205dd368e8cec68f.pdf>
Package pdftex.def Info: inheritance-bef65cee25121f0f467c31bf205dd368e8cec68f.p
df used on input line 8652.
(pdftex.def)             Requested size: 347.29665pt x 143.53589pt.
File: inheritance-bef65cee25121f0f467c31bf205dd368e8cec68f.pdf Graphic file (ty
pe pdf)

<use inheritance-bef65cee25121f0f467c31bf205dd368e8cec68f.pdf>
Package pdftex.def Info: inheritance-bef65cee25121f0f467c31bf205dd368e8cec68f.p
df used on input line 8652.
(pdftex.def)             Requested size: 347.29665pt x 143.53589pt.
 [114 <./inheritance-bef65cee25121f0f467c31bf205dd368e8cec68f.pdf>] [115] [116]
 [117]
Underfull \hbox (badness 10000) in paragraph at lines 9082--9082
[]\T1/ptm/m/it/10 top\T1/ptm/m/n/10 , \T1/ptm/m/it/10 top-name='top'\T1/ptm/m/n
/10 , \T1/ptm/m/it/10 top-down=True\T1/ptm/m/n/10 , \T1/ptm/m/it/10 ig-nore-
 []


<inheritance-2e945ea83a47159854e1f75793c2cb4dcad43828.pdf, id=2058, 1152.305pt 
x 637.38126pt>
File: inheritance-2e945ea83a47159854e1f75793c2cb4dcad43828.pdf Graphic file (ty
pe pdf)
 <use inheritance-2e945ea83a47159854e1f75793c2cb4dcad43828.pdf>
Package pdftex.def Info: inheritance-2e945ea83a47159854e1f75793c2cb4dcad43828.p
df used on input line 9158.
(pdftex.def)             Requested size: 1152.30219pt x 637.3797pt.
File: inheritance-2e945ea83a47159854e1f75793c2cb4dcad43828.pdf Graphic file (ty
pe pdf)

<use inheritance-2e945ea83a47159854e1f75793c2cb4dcad43828.pdf>
Package pdftex.def Info: inheritance-2e945ea83a47159854e1f75793c2cb4dcad43828.p
df used on input line 9158.
(pdftex.def)             Requested size: 452.96788pt x 250.55199pt.
 [118] [119 <./inheritance-2e945ea83a47159854e1f75793c2cb4dcad43828.pdf>] [120

]
Chapter 7.
[121] [122

]
Chapter 8.
[123] [124

]
Chapter 9.
[125] [126

]
Chapter 10.
[127] [128

]
Package atveryend Info: Empty hook `BeforeClearDocument' on input line 9270.
 [129

]
Package atveryend Info: Empty hook `AfterLastShipout' on input line 9270.
 (./climlab-0301Documentation.aux)
Package atveryend Info: Executing hook `AtVeryEndDocument' on input line 9270.
Package atveryend Info: Executing hook `AtEndAfterFileList' on input line 9270.

Package rerunfilecheck Info: File `climlab-0301Documentation.out' has not chang
ed.
(rerunfilecheck)             Checksum: 73501A4905411C1A64094ABE84E19801;2180.
Package atveryend Info: Empty hook `AtVeryVeryEnd' on input line 9270.
 ) 
Here is how much of TeX's memory you used:
 10523 strings out of 493304
 165217 string characters out of 6139871
 257004 words of memory out of 5000000
 13212 multiletter control sequences out of 15000+600000
 73781 words of font info for 94 fonts, out of 8000000 for 9000
 958 hyphenation exceptions out of 8191
 36i,29n,45p,983b,669s stack positions out of 5000i,500n,10000p,200000b,80000s
{/usr/share/texlive/texmf-dist/fonts/enc/dvips/base/8r.enc}</usr/share/texliv
e/texmf-dist/fonts/type1/public/amsfonts/cm/cmex10.pfb></usr/share/texlive/texm
f-dist/fonts/type1/public/amsfonts/cm/cmmi10.pfb></usr/share/texlive/texmf-dist
/fonts/type1/public/amsfonts/cm/cmmi5.pfb></usr/share/texlive/texmf-dist/fonts/
type1/public/amsfonts/cm/cmmi7.pfb></usr/share/texlive/texmf-dist/fonts/type1/p
ublic/amsfonts/cm/cmr10.pfb></usr/share/texlive/texmf-dist/fonts/type1/public/a
msfonts/cm/cmr5.pfb></usr/share/texlive/texmf-dist/fonts/type1/public/amsfonts/
cm/cmr7.pfb></usr/share/texlive/texmf-dist/fonts/type1/public/amsfonts/cm/cmsy1
0.pfb></usr/share/texlive/texmf-dist/fonts/type1/public/amsfonts/cm/cmsy5.pfb><
/usr/share/texlive/texmf-dist/fonts/type1/public/amsfonts/cm/cmsy7.pfb></usr/sh
are/texlive/texmf-dist/fonts/type1/urw/courier/ucrb8a.pfb></usr/share/texlive/t
exmf-dist/fonts/type1/urw/courier/ucrbo8a.pfb></usr/share/texlive/texmf-dist/fo
nts/type1/urw/courier/ucrr8a.pfb></usr/share/texlive/texmf-dist/fonts/type1/urw
/courier/ucrro8a.pfb></usr/share/texlive/texmf-dist/fonts/type1/urw/helvetic/uh
vb8a.pfb></usr/share/texlive/texmf-dist/fonts/type1/urw/helvetic/uhvbo8a.pfb></
usr/share/texlive/texmf-dist/fonts/type1/urw/helvetic/uhvr8a.pfb></usr/share/te
xlive/texmf-dist/fonts/type1/urw/times/utmb8a.pfb></usr/share/texlive/texmf-dis
t/fonts/type1/urw/times/utmbi8a.pfb></usr/share/texlive/texmf-dist/fonts/type1/
urw/times/utmr8a.pfb></usr/share/texlive/texmf-dist/fonts/type1/urw/times/utmri
8a.pfb>
Output written on climlab-0301Documentation.pdf (133 pages, 1712730 bytes).
PDF statistics:
 2292 PDF objects out of 2487 (max. 8388607)
 1778 compressed objects within 18 object streams
 401 named destinations out of 1000 (max. 500000)
 564 words of extra memory for PDF output out of 10000 (max. 10000000)

