\BOOKMARK [0][-]{chapter.1}{Introduction}{}% 1
\BOOKMARK [1][-]{section.1.1}{What is climlab?}{chapter.1}% 2
\BOOKMARK [1][-]{section.1.2}{What's new in version 0.3?}{chapter.1}% 3
\BOOKMARK [1][-]{section.1.3}{Implementation of models}{chapter.1}% 4
\BOOKMARK [1][-]{section.1.4}{Documentation}{chapter.1}% 5
\BOOKMARK [0][-]{chapter.2}{Download}{}% 6
\BOOKMARK [1][-]{section.2.1}{Code}{chapter.2}% 7
\BOOKMARK [1][-]{section.2.2}{Dependencies}{chapter.2}% 8
\BOOKMARK [1][-]{section.2.3}{Installation}{chapter.2}% 9
\BOOKMARK [0][-]{chapter.3}{Architecture}{}% 10
\BOOKMARK [1][-]{section.3.1}{Process}{chapter.3}% 11
\BOOKMARK [1][-]{section.3.2}{Domain}{chapter.3}% 12
\BOOKMARK [1][-]{section.3.3}{Axis}{chapter.3}% 13
\BOOKMARK [1][-]{section.3.4}{Accessibility}{chapter.3}% 14
\BOOKMARK [0][-]{chapter.4}{Models}{}% 15
\BOOKMARK [1][-]{section.4.1}{Energy Balance Model}{chapter.4}% 16
\BOOKMARK [1][-]{section.4.2}{Other Models}{chapter.4}% 17
\BOOKMARK [0][-]{chapter.5}{Tutorials}{}% 18
\BOOKMARK [1][-]{section.5.1}{Preconfigured Energy Balance Models}{chapter.5}% 19
\BOOKMARK [1][-]{section.5.2}{Boltzmann Outgoing Longwave Radiation}{chapter.5}% 20
\BOOKMARK [1][-]{section.5.3}{Budyko Transport for Energy Balance Models}{chapter.5}% 21
\BOOKMARK [0][-]{chapter.6}{Application Programming Interface}{}% 22
\BOOKMARK [1][-]{section.6.1}{Subpackages}{chapter.6}% 23
\BOOKMARK [1][-]{section.6.2}{Inheritance Diagram}{chapter.6}% 24
\BOOKMARK [0][-]{chapter.7}{References}{}% 25
\BOOKMARK [0][-]{chapter.8}{License}{}% 26
\BOOKMARK [1][-]{section.8.1}{climlab}{chapter.8}% 27
\BOOKMARK [1][-]{section.8.2}{Documentation}{chapter.8}% 28
\BOOKMARK [0][-]{chapter.9}{Contact}{}% 29
\BOOKMARK [1][-]{section.9.1}{climlab package}{chapter.9}% 30
\BOOKMARK [1][-]{section.9.2}{climlab documentation}{chapter.9}% 31
